1580745726792	mozrunner::runner	INFO	Running command: "/home/travis/firefox-latest/firefox/firefox" "-marionette" "-foreground" "-no-remote" "-profile" "/tmp/rust_mozprofile.oNQZr9nYC6Sa"
1580745727046	addons.webextension.doh-rollout@mozilla.org	WARN	Loading extension 'doh-rollout@mozilla.org': Reading manifest: Invalid extension permission: networkStatus
1580745727068	addons.webextension.screenshots@mozilla.org	WARN	Loading extension 'screenshots@mozilla.org': Reading manifest: Invalid extension permission: mozillaAddons
1580745727068	addons.webextension.screenshots@mozilla.org	WARN	Loading extension 'screenshots@mozilla.org': Reading manifest: Invalid extension permission: telemetry
1580745727069	addons.webextension.screenshots@mozilla.org	WARN	Loading extension 'screenshots@mozilla.org': Reading manifest: Invalid extension permission: resource://pdf.js/
1580745727069	addons.webextension.screenshots@mozilla.org	WARN	Loading extension 'screenshots@mozilla.org': Reading manifest: Invalid extension permission: about:reader*

(firefox:5349): GLib-GObject-CRITICAL **: g_object_ref: assertion 'object->ref_count > 0' failed

(firefox:5349): GLib-GObject-CRITICAL **: g_object_unref: assertion 'object->ref_count > 0' failed

(firefox:5349): GLib-GObject-CRITICAL **: g_object_ref: assertion 'object->ref_count > 0' failed

(firefox:5349): GLib-GObject-CRITICAL **: g_object_unref: assertion 'object->ref_count > 0' failed

(firefox:5349): GLib-GObject-CRITICAL **: g_object_ref: assertion 'object->ref_count > 0' failed

(firefox:5349): GLib-GObject-CRITICAL **: g_object_unref: assertion 'object->ref_count > 0' failed

(firefox:5349): GLib-GObject-WARNING **: g_object_get_valist: object class 'GtkSettings' has no property named 'gtk-decoration-layout'

(firefox:5349): GLib-GObject-CRITICAL **: g_object_ref: assertion 'object->ref_count > 0' failed

(firefox:5349): GLib-GObject-CRITICAL **: g_object_unref: assertion 'object->ref_count > 0' failed

(firefox:5349): GLib-GObject-CRITICAL **: g_object_ref: assertion 'object->ref_count > 0' failed

(firefox:5349): GLib-GObject-CRITICAL **: g_object_unref: assertion 'object->ref_count > 0' failed

(firefox:5349): GLib-GObject-CRITICAL **: g_object_ref: assertion 'object->ref_count > 0' failed

(firefox:5349): GLib-GObject-CRITICAL **: g_object_unref: assertion 'object->ref_count > 0' failed

(firefox:5349): GLib-GObject-CRITICAL **: g_object_ref: assertion 'object->ref_count > 0' failed

(firefox:5349): GLib-GObject-CRITICAL **: g_object_unref: assertion 'object->ref_count > 0' failed

(firefox:5349): GLib-GObject-CRITICAL **: g_object_ref: assertion 'object->ref_count > 0' failed

(firefox:5349): GLib-GObject-CRITICAL **: g_object_unref: assertion 'object->ref_count > 0' failed

(firefox:5349): GLib-GObject-CRITICAL **: g_object_ref: assertion 'object->ref_count > 0' failed

(firefox:5349): GLib-GObject-CRITICAL **: g_object_unref: assertion 'object->ref_count > 0' failed

(firefox:5349): GLib-GObject-CRITICAL **: g_object_ref: assertion 'object->ref_count > 0' failed

(firefox:5349): GLib-GObject-CRITICAL **: g_object_unref: assertion 'object->ref_count > 0' failed

(/home/travis/firefox-latest/firefox/firefox-bin:5394): GLib-GObject-CRITICAL **: g_object_ref: assertion 'object->ref_count > 0' failed

(/home/travis/firefox-latest/firefox/firefox-bin:5394): GLib-GObject-CRITICAL **: g_object_unref: assertion 'object->ref_count > 0' failed

(/home/travis/firefox-latest/firefox/firefox-bin:5394): GLib-GObject-CRITICAL **: g_object_ref: assertion 'object->ref_count > 0' failed

(/home/travis/firefox-latest/firefox/firefox-bin:5394): GLib-GObject-CRITICAL **: g_object_unref: assertion 'object->ref_count > 0' failed

(/home/travis/firefox-latest/firefox/firefox-bin:5394): GLib-GObject-CRITICAL **: g_object_ref: assertion 'object->ref_count > 0' failed

(/home/travis/firefox-latest/firefox/firefox-bin:5394): GLib-GObject-CRITICAL **: g_object_unref: assertion 'object->ref_count > 0' failed

(/home/travis/firefox-latest/firefox/firefox-bin:5394): GLib-GObject-WARNING **: g_object_get_valist: object class 'GtkSettings' has no property named 'gtk-decoration-layout'

(/home/travis/firefox-latest/firefox/firefox-bin:5394): GLib-GObject-CRITICAL **: g_object_ref: assertion 'object->ref_count > 0' failed

(/home/travis/firefox-latest/firefox/firefox-bin:5394): GLib-GObject-CRITICAL **: g_object_unref: assertion 'object->ref_count > 0' failed

(/home/travis/firefox-latest/firefox/firefox-bin:5394): GLib-GObject-CRITICAL **: g_object_ref: assertion 'object->ref_count > 0' failed

(/home/travis/firefox-latest/firefox/firefox-bin:5394): GLib-GObject-CRITICAL **: g_object_unref: assertion 'object->ref_count > 0' failed

(/home/travis/firefox-latest/firefox/firefox-bin:5394): GLib-GObject-CRITICAL **: g_object_ref: assertion 'object->ref_count > 0' failed

(/home/travis/firefox-latest/firefox/firefox-bin:5394): GLib-GObject-CRITICAL **: g_object_unref: assertion 'object->ref_count > 0' failed

(/home/travis/firefox-latest/firefox/firefox-bin:5394): GLib-GObject-CRITICAL **: g_object_ref: assertion 'object->ref_count > 0' failed

(/home/travis/firefox-latest/firefox/firefox-bin:5394): GLib-GObject-CRITICAL **: g_object_unref: assertion 'object->ref_count > 0' failed

(/home/travis/firefox-latest/firefox/firefox-bin:5394): GLib-GObject-CRITICAL **: g_object_ref: assertion 'object->ref_count > 0' failed

(/home/travis/firefox-latest/firefox/firefox-bin:5394): GLib-GObject-CRITICAL **: g_object_unref: assertion 'object->ref_count > 0' failed

(/home/travis/firefox-latest/firefox/firefox-bin:5394): GLib-GObject-CRITICAL **: g_object_ref: assertion 'object->ref_count > 0' failed

(/home/travis/firefox-latest/firefox/firefox-bin:5394): GLib-GObject-CRITICAL **: g_object_unref: assertion 'object->ref_count > 0' failed

(/home/travis/firefox-latest/firefox/firefox-bin:5394): GLib-GObject-CRITICAL **: g_object_ref: assertion 'object->ref_count > 0' failed

(/home/travis/firefox-latest/firefox/firefox-bin:5394): GLib-GObject-CRITICAL **: g_object_unref: assertion 'object->ref_count > 0' failed

(/home/travis/firefox-latest/firefox/firefox-bin:5416): GLib-GObject-CRITICAL **: g_object_ref: assertion 'object->ref_count > 0' failed

(/home/travis/firefox-latest/firefox/firefox-bin:5416): GLib-GObject-CRITICAL **: g_object_unref: assertion 'object->ref_count > 0' failed

(/home/travis/firefox-latest/firefox/firefox-bin:5416): GLib-GObject-CRITICAL **: g_object_ref: assertion 'object->ref_count > 0' failed

(/home/travis/firefox-latest/firefox/firefox-bin:5416): GLib-GObject-CRITICAL **: g_object_unref: assertion 'object->ref_count > 0' failed

(/home/travis/firefox-latest/firefox/firefox-bin:5416): GLib-GObject-CRITICAL **: g_object_ref: assertion 'object->ref_count > 0' failed

(/home/travis/firefox-latest/firefox/firefox-bin:5416): GLib-GObject-CRITICAL **: g_object_unref: assertion 'object->ref_count > 0' failed

(/home/travis/firefox-latest/firefox/firefox-bin:5416): GLib-GObject-WARNING **: g_object_get_valist: object class 'GtkSettings' has no property named 'gtk-decoration-layout'

(/home/travis/firefox-latest/firefox/firefox-bin:5416): GLib-GObject-CRITICAL **: g_object_ref: assertion 'object->ref_count > 0' failed

(/home/travis/firefox-latest/firefox/firefox-bin:5416): GLib-GObject-CRITICAL **: g_object_unref: assertion 'object->ref_count > 0' failed

(/home/travis/firefox-latest/firefox/firefox-bin:5416): GLib-GObject-CRITICAL **: g_object_ref: assertion 'object->ref_count > 0' failed

(/home/travis/firefox-latest/firefox/firefox-bin:5416): GLib-GObject-CRITICAL **: g_object_unref: assertion 'object->ref_count > 0' failed

(/home/travis/firefox-latest/firefox/firefox-bin:5416): GLib-GObject-CRITICAL **: g_object_ref: assertion 'object->ref_count > 0' failed

(/home/travis/firefox-latest/firefox/firefox-bin:5416): GLib-GObject-CRITICAL **: g_object_unref: assertion 'object->ref_count > 0' failed

(/home/travis/firefox-latest/firefox/firefox-bin:5416): GLib-GObject-CRITICAL **: g_object_ref: assertion 'object->ref_count > 0' failed

(/home/travis/firefox-latest/firefox/firefox-bin:5416): GLib-GObject-CRITICAL **: g_object_unref: assertion 'object->ref_count > 0' failed

(/home/travis/firefox-latest/firefox/firefox-bin:5416): GLib-GObject-CRITICAL **: g_object_ref: assertion 'object->ref_count > 0' failed

(/home/travis/firefox-latest/firefox/firefox-bin:5416): GLib-GObject-CRITICAL **: g_object_unref: assertion 'object->ref_count > 0' failed

(/home/travis/firefox-latest/firefox/firefox-bin:5416): GLib-GObject-CRITICAL **: g_object_ref: assertion 'object->ref_count > 0' failed

(/home/travis/firefox-latest/firefox/firefox-bin:5416): GLib-GObject-CRITICAL **: g_object_unref: assertion 'object->ref_count > 0' failed

(/home/travis/firefox-latest/firefox/firefox-bin:5416): GLib-GObject-CRITICAL **: g_object_ref: assertion 'object->ref_count > 0' failed

(/home/travis/firefox-latest/firefox/firefox-bin:5416): GLib-GObject-CRITICAL **: g_object_unref: assertion 'object->ref_count > 0' failed
1580745728546	Marionette	INFO	Listening on port 39171
1580745728607	Marionette	WARN	TLS certificate errors will be ignored for this session
1580745736682	Marionette	WARN	TimedPromise timed out after 5000 ms: stacktrace:
bail@chrome://marionette/content/sync.js:237:64
1580745737434	Marionette	INFO	Stopped listening on port 39171

(firefox:5349): GLib-GObject-CRITICAL **: g_object_ref: assertion 'object->ref_count > 0' failed

(firefox:5349): GLib-GObject-CRITICAL **: g_object_unref: assertion 'object->ref_count > 0' failed
