1584318645267	mozrunner::runner	INFO	Running command: "/home/travis/firefox-latest/firefox/firefox" "-marionette" "-foreground" "-no-remote" "-profile" "/tmp/rust_mozprofile.ysPK3Mtd8hoB"
1584318645524	addons.webextension.doh-rollout@mozilla.org	WARN	Loading extension 'doh-rollout@mozilla.org': Reading manifest: Invalid extension permission: networkStatus
1584318645545	addons.webextension.screenshots@mozilla.org	WARN	Loading extension 'screenshots@mozilla.org': Reading manifest: Invalid extension permission: mozillaAddons
1584318645545	addons.webextension.screenshots@mozilla.org	WARN	Loading extension 'screenshots@mozilla.org': Reading manifest: Invalid extension permission: telemetry
1584318645545	addons.webextension.screenshots@mozilla.org	WARN	Loading extension 'screenshots@mozilla.org': Reading manifest: Invalid extension permission: resource://pdf.js/
1584318645545	addons.webextension.screenshots@mozilla.org	WARN	Loading extension 'screenshots@mozilla.org': Reading manifest: Invalid extension permission: about:reader*

(firefox:5740): GLib-GObject-CRITICAL **: g_object_ref: assertion 'object->ref_count > 0' failed

(firefox:5740): GLib-GObject-CRITICAL **: g_object_unref: assertion 'object->ref_count > 0' failed

(firefox:5740): GLib-GObject-CRITICAL **: g_object_ref: assertion 'object->ref_count > 0' failed

(firefox:5740): GLib-GObject-CRITICAL **: g_object_unref: assertion 'object->ref_count > 0' failed

(firefox:5740): GLib-GObject-CRITICAL **: g_object_ref: assertion 'object->ref_count > 0' failed

(firefox:5740): GLib-GObject-CRITICAL **: g_object_unref: assertion 'object->ref_count > 0' failed

(firefox:5740): GLib-GObject-WARNING **: g_object_get_valist: object class 'GtkSettings' has no property named 'gtk-decoration-layout'

(firefox:5740): GLib-GObject-CRITICAL **: g_object_ref: assertion 'object->ref_count > 0' failed

(firefox:5740): GLib-GObject-CRITICAL **: g_object_unref: assertion 'object->ref_count > 0' failed

(firefox:5740): GLib-GObject-CRITICAL **: g_object_ref: assertion 'object->ref_count > 0' failed

(firefox:5740): GLib-GObject-CRITICAL **: g_object_unref: assertion 'object->ref_count > 0' failed

(firefox:5740): GLib-GObject-CRITICAL **: g_object_ref: assertion 'object->ref_count > 0' failed

(firefox:5740): GLib-GObject-CRITICAL **: g_object_unref: assertion 'object->ref_count > 0' failed

(firefox:5740): GLib-GObject-CRITICAL **: g_object_ref: assertion 'object->ref_count > 0' failed

(firefox:5740): GLib-GObject-CRITICAL **: g_object_unref: assertion 'object->ref_count > 0' failed

(firefox:5740): GLib-GObject-CRITICAL **: g_object_ref: assertion 'object->ref_count > 0' failed

(firefox:5740): GLib-GObject-CRITICAL **: g_object_unref: assertion 'object->ref_count > 0' failed

(firefox:5740): GLib-GObject-CRITICAL **: g_object_ref: assertion 'object->ref_count > 0' failed

(firefox:5740): GLib-GObject-CRITICAL **: g_object_unref: assertion 'object->ref_count > 0' failed

(firefox:5740): GLib-GObject-CRITICAL **: g_object_ref: assertion 'object->ref_count > 0' failed

(firefox:5740): GLib-GObject-CRITICAL **: g_object_unref: assertion 'object->ref_count > 0' failed

(/home/travis/firefox-latest/firefox/firefox-bin:5784): GLib-GObject-CRITICAL **: g_object_ref: assertion 'object->ref_count > 0' failed

(/home/travis/firefox-latest/firefox/firefox-bin:5784): GLib-GObject-CRITICAL **: g_object_unref: assertion 'object->ref_count > 0' failed

(/home/travis/firefox-latest/firefox/firefox-bin:5784): GLib-GObject-CRITICAL **: g_object_ref: assertion 'object->ref_count > 0' failed

(/home/travis/firefox-latest/firefox/firefox-bin:5784): GLib-GObject-CRITICAL **: g_object_unref: assertion 'object->ref_count > 0' failed

(/home/travis/firefox-latest/firefox/firefox-bin:5784): GLib-GObject-CRITICAL **: g_object_ref: assertion 'object->ref_count > 0' failed

(/home/travis/firefox-latest/firefox/firefox-bin:5784): GLib-GObject-CRITICAL **: g_object_unref: assertion 'object->ref_count > 0' failed

(/home/travis/firefox-latest/firefox/firefox-bin:5784): GLib-GObject-WARNING **: g_object_get_valist: object class 'GtkSettings' has no property named 'gtk-decoration-layout'

(/home/travis/firefox-latest/firefox/firefox-bin:5784): GLib-GObject-CRITICAL **: g_object_ref: assertion 'object->ref_count > 0' failed

(/home/travis/firefox-latest/firefox/firefox-bin:5784): GLib-GObject-CRITICAL **: g_object_unref: assertion 'object->ref_count > 0' failed

(/home/travis/firefox-latest/firefox/firefox-bin:5784): GLib-GObject-CRITICAL **: g_object_ref: assertion 'object->ref_count > 0' failed

(/home/travis/firefox-latest/firefox/firefox-bin:5784): GLib-GObject-CRITICAL **: g_object_unref: assertion 'object->ref_count > 0' failed

(/home/travis/firefox-latest/firefox/firefox-bin:5784): GLib-GObject-CRITICAL **: g_object_ref: assertion 'object->ref_count > 0' failed

(/home/travis/firefox-latest/firefox/firefox-bin:5784): GLib-GObject-CRITICAL **: g_object_unref: assertion 'object->ref_count > 0' failed

(/home/travis/firefox-latest/firefox/firefox-bin:5784): GLib-GObject-CRITICAL **: g_object_ref: assertion 'object->ref_count > 0' failed

(/home/travis/firefox-latest/firefox/firefox-bin:5784): GLib-GObject-CRITICAL **: g_object_unref: assertion 'object->ref_count > 0' failed

(/home/travis/firefox-latest/firefox/firefox-bin:5784): GLib-GObject-CRITICAL **: g_object_ref: assertion 'object->ref_count > 0' failed

(/home/travis/firefox-latest/firefox/firefox-bin:5784): GLib-GObject-CRITICAL **: g_object_unref: assertion 'object->ref_count > 0' failed

(/home/travis/firefox-latest/firefox/firefox-bin:5784): GLib-GObject-CRITICAL **: g_object_ref: assertion 'object->ref_count > 0' failed

(/home/travis/firefox-latest/firefox/firefox-bin:5784): GLib-GObject-CRITICAL **: g_object_unref: assertion 'object->ref_count > 0' failed

(/home/travis/firefox-latest/firefox/firefox-bin:5784): GLib-GObject-CRITICAL **: g_object_ref: assertion 'object->ref_count > 0' failed

(/home/travis/firefox-latest/firefox/firefox-bin:5784): GLib-GObject-CRITICAL **: g_object_unref: assertion 'object->ref_count > 0' failed

(/home/travis/firefox-latest/firefox/firefox-bin:5838): GLib-GObject-CRITICAL **: g_object_ref: assertion 'object->ref_count > 0' failed

(/home/travis/firefox-latest/firefox/firefox-bin:5838): GLib-GObject-CRITICAL **: g_object_unref: assertion 'object->ref_count > 0' failed

(/home/travis/firefox-latest/firefox/firefox-bin:5838): GLib-GObject-CRITICAL **: g_object_ref: assertion 'object->ref_count > 0' failed

(/home/travis/firefox-latest/firefox/firefox-bin:5838): GLib-GObject-CRITICAL **: g_object_unref: assertion 'object->ref_count > 0' failed

(/home/travis/firefox-latest/firefox/firefox-bin:5838): GLib-GObject-CRITICAL **: g_object_ref: assertion 'object->ref_count > 0' failed

(/home/travis/firefox-latest/firefox/firefox-bin:5838): GLib-GObject-CRITICAL **: g_object_unref: assertion 'object->ref_count > 0' failed

(/home/travis/firefox-latest/firefox/firefox-bin:5838): GLib-GObject-WARNING **: g_object_get_valist: object class 'GtkSettings' has no property named 'gtk-decoration-layout'

(/home/travis/firefox-latest/firefox/firefox-bin:5838): GLib-GObject-CRITICAL **: g_object_ref: assertion 'object->ref_count > 0' failed

(/home/travis/firefox-latest/firefox/firefox-bin:5838): GLib-GObject-CRITICAL **: g_object_unref: assertion 'object->ref_count > 0' failed

(/home/travis/firefox-latest/firefox/firefox-bin:5838): GLib-GObject-CRITICAL **: g_object_ref: assertion 'object->ref_count > 0' failed

(/home/travis/firefox-latest/firefox/firefox-bin:5838): GLib-GObject-CRITICAL **: g_object_unref: assertion 'object->ref_count > 0' failed

(/home/travis/firefox-latest/firefox/firefox-bin:5838): GLib-GObject-CRITICAL **: g_object_ref: assertion 'object->ref_count > 0' failed

(/home/travis/firefox-latest/firefox/firefox-bin:5838): GLib-GObject-CRITICAL **: g_object_unref: assertion 'object->ref_count > 0' failed

(/home/travis/firefox-latest/firefox/firefox-bin:5838): GLib-GObject-CRITICAL **: g_object_ref: assertion 'object->ref_count > 0' failed

(/home/travis/firefox-latest/firefox/firefox-bin:5838): GLib-GObject-CRITICAL **: g_object_unref: assertion 'object->ref_count > 0' failed

(/home/travis/firefox-latest/firefox/firefox-bin:5838): GLib-GObject-CRITICAL **: g_object_ref: assertion 'object->ref_count > 0' failed

(/home/travis/firefox-latest/firefox/firefox-bin:5838): GLib-GObject-CRITICAL **: g_object_unref: assertion 'object->ref_count > 0' failed

(/home/travis/firefox-latest/firefox/firefox-bin:5838): GLib-GObject-CRITICAL **: g_object_ref: assertion 'object->ref_count > 0' failed

(/home/travis/firefox-latest/firefox/firefox-bin:5838): GLib-GObject-CRITICAL **: g_object_unref: assertion 'object->ref_count > 0' failed

(/home/travis/firefox-latest/firefox/firefox-bin:5838): GLib-GObject-CRITICAL **: g_object_ref: assertion 'object->ref_count > 0' failed

(/home/travis/firefox-latest/firefox/firefox-bin:5838): GLib-GObject-CRITICAL **: g_object_unref: assertion 'object->ref_count > 0' failed
1584318646957	Marionette	INFO	Listening on port 36919
1584318646976	Marionette	WARN	TLS certificate errors will be ignored for this session
1584318653064	Marionette	WARN	TimedPromise timed out after 5000 ms: stacktrace:
TimedPromise/<@chrome://marionette/content/sync.js:244:13
TimedPromise@chrome://marionette/content/sync.js:229:10
GeckoDriver.prototype.maximizeWindow@chrome://marionette/content/driver.js:3220:11
1584318900520	Marionette	INFO	Stopped listening on port 36919

(firefox:5740): GLib-GObject-CRITICAL **: g_object_ref: assertion 'object->ref_count > 0' failed

(firefox:5740): GLib-GObject-CRITICAL **: g_object_unref: assertion 'object->ref_count > 0' failed
