==============================================================================
20210428 18:10:28.978 - INFO - + START SUITE: Acceptance [ ]
==============================================================================
20210428 18:10:29.168 - INFO - +- START SUITE: Acceptance.060 UserAvatar.robot [ ]
==============================================================================
20210428 18:10:29.169 - INFO - +-- START SETUP: FunctionsGlobal.Global Setup [ ]
20210428 18:10:29.170 - INFO - +--- START KW: FunctionsGlobal.!Open GeoKrety Browser [ ${browser} ]
20210428 18:10:29.170 - INFO - +---- START KW: BuiltIn.Run Keyword If [ "${BS_ENABLED}" != "false" | !Open GeoKrety BrowserStack | ${browser} | ELSE | !Open GeoKrety Browser Local | ${browser} ]
20210428 18:10:29.171 - INFO - +----- START KW: FunctionsGlobal.!Open GeoKrety Browser Local [ ${browser} ]
20210428 18:10:29.172 - INFO - +------ START KW: BuiltIn.Run Keyword If [ "${browser}"=="Firefox" | !Open GeoKrety Browser Firefox ]
20210428 18:10:29.173 - INFO - +------- START KW: FunctionsGlobal.!Open GeoKrety Browser Firefox [ ]
20210428 18:10:29.173 - INFO - +-------- START KW: BuiltIn.Log [ Open Browser Firefox ]
20210428 18:10:29.173 - INFO - Open Browser Firefox
20210428 18:10:29.174 - INFO - +-------- END KW: BuiltIn.Log (0)
20210428 18:10:29.174 - INFO - +-------- START KW: BuiltIn.Evaluate [ sys.modules['selenium.webdriver'].firefox.webdriver.Options() | sys, selenium.webdriver ]
20210428 18:10:29.174 - INFO - ${firefox_options} = <selenium.webdriver.firefox.options.Options object at 0x7fb61be360a0>
20210428 18:10:29.175 - INFO - +-------- END KW: BuiltIn.Evaluate (0)
20210428 18:10:29.175 - INFO - +-------- START KW: BuiltIn.Run Keyword If [ ${HEADLESS} | Call Method | ${firefox_options} | add_argument | -headless ]
20210428 18:10:29.175 - INFO - +--------- START KW: BuiltIn.Call Method [ ${firefox_options} | add_argument | -headless ]
20210428 18:10:29.176 - INFO - +--------- END KW: BuiltIn.Call Method (1)
20210428 18:10:29.176 - INFO - +-------- END KW: BuiltIn.Run Keyword If (1)
20210428 18:10:29.176 - INFO - +-------- START KW: BuiltIn.Evaluate [ sys.modules['selenium.webdriver'].DesiredCapabilities.FIREFOX | sys, selenium.webdriver ]
20210428 18:10:29.177 - INFO - ${dc} = {'browserName': 'firefox', 'marionette': True, 'acceptInsecureCerts': True}
20210428 18:10:29.177 - INFO - +-------- END KW: BuiltIn.Evaluate (1)
20210428 18:10:29.177 - INFO - +-------- START KW: Collections.Set To Dictionary [ ${dc} | strictFileInteractability=${FALSE} ]
20210428 18:10:29.177 - INFO - +-------- END KW: Collections.Set To Dictionary (0)
20210428 18:10:29.178 - INFO - +-------- START KW: Collections.Set To Dictionary [ ${dc} | timezone=UTC-05:00 ]
20210428 18:10:29.178 - INFO - +-------- END KW: Collections.Set To Dictionary (0)
20210428 18:10:29.178 - INFO - +-------- START KW: SeleniumLibrary.Create Webdriver [ Firefox | firefox_options=${firefox options} | desired_capabilities=${dc} ]
20210428 18:10:29.179 - INFO - Creating an instance of the Firefox WebDriver.
20210428 18:10:31.035 - DEBUG - Created Firefox WebDriver instance with session id 2dc0da50-5de0-4617-966d-21bf44abff5f.
20210428 18:10:31.036 - INFO - +-------- END KW: SeleniumLibrary.Create Webdriver (1858)
20210428 18:10:31.037 - INFO - +------- END KW: FunctionsGlobal.!Open GeoKrety Browser Firefox (1865)
20210428 18:10:31.037 - INFO - +------ END KW: BuiltIn.Run Keyword If (1865)
20210428 18:10:31.037 - INFO - +------ START KW: BuiltIn.Run Keyword If [ "${browser}"=="Chrome" | !Open GeoKrety Browser Chrome ]
20210428 18:10:31.038 - INFO - +------ END KW: BuiltIn.Run Keyword If (1)
20210428 18:10:31.038 - INFO - +----- END KW: FunctionsGlobal.!Open GeoKrety Browser Local (1867)
20210428 18:10:31.038 - INFO - +---- END KW: BuiltIn.Run Keyword If (1868)
20210428 18:10:31.038 - INFO - +---- START KW: SeleniumLibrary.Set Window Size [ 1280 | 1024 ]
20210428 18:10:31.062 - INFO - +---- END KW: SeleniumLibrary.Set Window Size (23)
20210428 18:10:31.062 - INFO - +--- END KW: FunctionsGlobal.!Open GeoKrety Browser (1892)
20210428 18:10:31.062 - INFO - +-- END SETUP: FunctionsGlobal.Global Setup (1893)
==============================================================================
20210428 18:10:31.137 - INFO - +-- START SUITE: Acceptance.060 UserAvatar.robot.030 DefineAsMain [ ]
==============================================================================
20210428 18:10:31.141 - INFO - +--- START TEST: Set image as main avatar [ ]
------------------------------------------------------------------------------
20210428 18:10:31.143 - INFO - +---- START SETUP: FunctionsGlobal.Clear DB And Seed 1 users [ ]
20210428 18:10:31.144 - INFO - +----- START KW: FunctionsGlobal.Clear Database [ ]
20210428 18:10:31.144 - INFO - +------ START KW: FunctionsGlobal.Go To Url [ ${PAGE_DEV_RESET_DB_URL} ]
20210428 18:10:31.145 - INFO - +------- START KW: FunctionsGlobal.Got To Url With Param [ ${url} | &{params} ]
20210428 18:10:31.153 - INFO - +-------- START KW: BuiltIn.Replace Variables [ ${url} ]
20210428 18:10:31.153 - DEBUG - Test timeout 2 minutes active. 119.988 seconds left.
20210428 18:10:31.155 - INFO - ${url_} = http://localhost:3001/devel/db/reset
20210428 18:10:31.155 - INFO - +-------- END KW: BuiltIn.Replace Variables (2)
20210428 18:10:31.155 - INFO - +-------- START KW: SeleniumLibrary.Go To [ ${url_} ]
20210428 18:10:31.156 - DEBUG - Test timeout 2 minutes active. 119.986 seconds left.
20210428 18:10:31.156 - INFO - Opening url 'http://localhost:3001/devel/db/reset'
20210428 18:10:31.434 - INFO - +-------- END KW: SeleniumLibrary.Go To (279)
20210428 18:10:31.434 - INFO - +------- END KW: FunctionsGlobal.Got To Url With Param (289)
20210428 18:10:31.434 - INFO - +------- START KW: FunctionsGlobal.Page WithoutWarningOrFailure [ ]
20210428 18:10:31.435 - INFO - +-------- START KW: SeleniumLibrary.Page Should Not Contain [ Warning: ]
20210428 18:10:31.436 - DEBUG - Test timeout 2 minutes active. 119.705 seconds left.
20210428 18:10:31.479 - DEBUG - Current frame has 0 subframes.
20210428 18:10:31.479 - INFO - Current page does not contain text 'Warning:'.
20210428 18:10:31.479 - INFO - +-------- END KW: SeleniumLibrary.Page Should Not Contain (44)
20210428 18:10:31.480 - INFO - +-------- START KW: SeleniumLibrary.Page Should Not Contain [ Failed ]
20210428 18:10:31.480 - DEBUG - Test timeout 2 minutes active. 119.661 seconds left.
20210428 18:10:31.487 - DEBUG - Current frame has 0 subframes.
20210428 18:10:31.487 - INFO - Current page does not contain text 'Failed'.
20210428 18:10:31.487 - INFO - +-------- END KW: SeleniumLibrary.Page Should Not Contain (7)
20210428 18:10:31.487 - INFO - +-------- START KW: SeleniumLibrary.Page Should Not Contain [ Internal Server Error ]
20210428 18:10:31.488 - DEBUG - Test timeout 2 minutes active. 119.653 seconds left.
20210428 18:10:31.501 - DEBUG - Current frame has 0 subframes.
20210428 18:10:31.501 - INFO - Current page does not contain text 'Internal Server Error'.
20210428 18:10:31.501 - INFO - +-------- END KW: SeleniumLibrary.Page Should Not Contain (14)
20210428 18:10:31.501 - INFO - +------- END KW: FunctionsGlobal.Page WithoutWarningOrFailure (67)
20210428 18:10:31.502 - INFO - +------ END KW: FunctionsGlobal.Go To Url (358)
20210428 18:10:31.502 - INFO - +------ START KW: SeleniumLibrary.Page Should Contain [ OK ]
20210428 18:10:31.502 - DEBUG - Test timeout 2 minutes active. 119.639 seconds left.
20210428 18:10:31.508 - INFO - Current page contains text 'OK'.
20210428 18:10:31.508 - INFO - +------ END KW: SeleniumLibrary.Page Should Contain (6)
20210428 18:10:31.508 - INFO - +----- END KW: FunctionsGlobal.Clear Database (364)
20210428 18:10:31.508 - INFO - +----- START KW: FunctionsGlobal.Go To Url [ ${PAGE_SEED_USER}/${count} ]
20210428 18:10:31.509 - INFO - +------ START KW: FunctionsGlobal.Got To Url With Param [ ${url} | &{params} ]
20210428 18:10:31.509 - INFO - +------- START KW: BuiltIn.Replace Variables [ ${url} ]
20210428 18:10:31.509 - DEBUG - Test timeout 2 minutes active. 119.632 seconds left.
20210428 18:10:31.510 - INFO - ${url_} = http://localhost:3001/devel/db/users/seed/1
20210428 18:10:31.510 - INFO - +------- END KW: BuiltIn.Replace Variables (1)
20210428 18:10:31.510 - INFO - +------- START KW: SeleniumLibrary.Go To [ ${url_} ]
20210428 18:10:31.510 - DEBUG - Test timeout 2 minutes active. 119.631 seconds left.
20210428 18:10:31.510 - INFO - Opening url 'http://localhost:3001/devel/db/users/seed/1'
20210428 21:10:32.083 - INFO - +------- END KW: SeleniumLibrary.Go To (10800573)
20210428 21:10:32.084 - INFO - +------ END KW: FunctionsGlobal.Got To Url With Param (10800575)
20210428 21:10:32.084 - INFO - +------ START KW: FunctionsGlobal.Page WithoutWarningOrFailure [ ]
20210428 21:10:32.084 - INFO - +------- START KW: SeleniumLibrary.Page Should Not Contain [ Warning: ]
20210428 21:10:32.085 - DEBUG - Test timeout 2 minutes active. 119.056 seconds left.
20210428 21:10:32.103 - DEBUG - Current frame has 0 subframes.
20210428 21:10:32.103 - INFO - Current page does not contain text 'Warning:'.
20210428 21:10:32.103 - INFO - +------- END KW: SeleniumLibrary.Page Should Not Contain (19)
20210428 21:10:32.103 - INFO - +------- START KW: SeleniumLibrary.Page Should Not Contain [ Failed ]
20210428 21:10:32.103 - DEBUG - Test timeout 2 minutes active. 119.038 seconds left.
20210428 21:10:32.110 - DEBUG - Current frame has 0 subframes.
20210428 21:10:32.110 - INFO - Current page does not contain text 'Failed'.
20210428 21:10:32.110 - INFO - +------- END KW: SeleniumLibrary.Page Should Not Contain (7)
20210428 21:10:32.110 - INFO - +------- START KW: SeleniumLibrary.Page Should Not Contain [ Internal Server Error ]
20210428 21:10:32.111 - DEBUG - Test timeout 2 minutes active. 119.03 seconds left.
20210428 21:10:32.117 - DEBUG - Current frame has 0 subframes.
20210428 21:10:32.117 - INFO - Current page does not contain text 'Internal Server Error'.
20210428 21:10:32.117 - INFO - +------- END KW: SeleniumLibrary.Page Should Not Contain (7)
20210428 21:10:32.118 - INFO - +------ END KW: FunctionsGlobal.Page WithoutWarningOrFailure (34)
20210428 21:10:32.118 - INFO - +----- END KW: FunctionsGlobal.Go To Url (10800610)
20210428 21:10:32.118 - INFO - +----- START KW: FunctionsGlobal.Empty Dev Mailbox Fast [ ]
20210428 21:10:32.118 - INFO - +------ START KW: FunctionsGlobal.Go To Url [ ${PAGE_DEV_MAILBOX_CLEAR_URL} ]
20210428 21:10:32.119 - INFO - +------- START KW: FunctionsGlobal.Got To Url With Param [ ${url} | &{params} ]
20210428 21:10:32.119 - INFO - +-------- START KW: BuiltIn.Replace Variables [ ${url} ]
20210428 21:10:32.119 - DEBUG - Test timeout 2 minutes active. 119.022 seconds left.
20210428 21:10:32.120 - INFO - ${url_} = http://localhost:3001/devel/mail/delete/all
20210428 21:10:32.120 - INFO - +-------- END KW: BuiltIn.Replace Variables (1)
20210428 21:10:32.120 - INFO - +-------- START KW: SeleniumLibrary.Go To [ ${url_} ]
20210428 21:10:32.120 - DEBUG - Test timeout 2 minutes active. 119.021 seconds left.
20210428 21:10:32.120 - INFO - Opening url 'http://localhost:3001/devel/mail/delete/all'
20210428 21:10:32.469 - INFO - +-------- END KW: SeleniumLibrary.Go To (349)
20210428 21:10:32.469 - INFO - +------- END KW: FunctionsGlobal.Got To Url With Param (350)
20210428 21:10:32.470 - INFO - +------- START KW: FunctionsGlobal.Page WithoutWarningOrFailure [ ]
20210428 21:10:32.470 - INFO - +-------- START KW: SeleniumLibrary.Page Should Not Contain [ Warning: ]
20210428 21:10:32.470 - DEBUG - Test timeout 2 minutes active. 118.671 seconds left.
20210428 21:10:32.490 - DEBUG - Current frame has 0 subframes.
20210428 21:10:32.490 - INFO - Current page does not contain text 'Warning:'.
20210428 21:10:32.491 - INFO - +-------- END KW: SeleniumLibrary.Page Should Not Contain (21)
20210428 21:10:32.491 - INFO - +-------- START KW: SeleniumLibrary.Page Should Not Contain [ Failed ]
20210428 21:10:32.491 - DEBUG - Test timeout 2 minutes active. 118.65 seconds left.
20210428 21:10:32.497 - DEBUG - Current frame has 0 subframes.
20210428 21:10:32.497 - INFO - Current page does not contain text 'Failed'.
20210428 21:10:32.498 - INFO - +-------- END KW: SeleniumLibrary.Page Should Not Contain (6)
20210428 21:10:32.498 - INFO - +-------- START KW: SeleniumLibrary.Page Should Not Contain [ Internal Server Error ]
20210428 21:10:32.498 - DEBUG - Test timeout 2 minutes active. 118.643 seconds left.
20210428 21:10:32.503 - DEBUG - Current frame has 0 subframes.
20210428 21:10:32.503 - INFO - Current page does not contain text 'Internal Server Error'.
20210428 21:10:32.503 - INFO - +-------- END KW: SeleniumLibrary.Page Should Not Contain (5)
20210428 21:10:32.503 - INFO - +------- END KW: FunctionsGlobal.Page WithoutWarningOrFailure (33)
20210428 21:10:32.504 - INFO - +------ END KW: FunctionsGlobal.Go To Url (386)
20210428 21:10:32.504 - INFO - +----- END KW: FunctionsGlobal.Empty Dev Mailbox Fast (386)
20210428 21:10:32.504 - INFO - +---- END SETUP: FunctionsGlobal.Clear DB And Seed 1 users (10801361)
~~~~~~~~~~~~~~~~~~~~~~~~~~~~~~~~~~~~~~~~~~~~~~~~~~~~~~~~~~~~~~~~~~~~~~~~~~~~~~
20210428 21:10:32.504 - INFO - +---- START KW: FunctionsGlobal.Sign In ${USER_1.name} Fast [ ]
20210428 21:10:32.505 - INFO - +----- START KW: FunctionsGlobal.Go To Url [ ${PAGE_LOGIN_USER} | username=${username} ]
20210428 21:10:32.505 - INFO - +------ START KW: FunctionsGlobal.Got To Url With Param [ ${url} | &{params} ]
20210428 21:10:32.506 - INFO - +------- START KW: BuiltIn.Replace Variables [ ${url} ]
20210428 21:10:32.506 - DEBUG - Test timeout 2 minutes active. 118.635 seconds left.
20210428 21:10:32.506 - INFO - ${url_} = http://localhost:3001/devel/users/username1/login
20210428 21:10:32.506 - INFO - +------- END KW: BuiltIn.Replace Variables (0)
20210428 21:10:32.506 - INFO - +------- START KW: SeleniumLibrary.Go To [ ${url_} ]
20210428 21:10:32.506 - DEBUG - Test timeout 2 minutes active. 118.635 seconds left.
20210428 21:10:32.506 - INFO - Opening url 'http://localhost:3001/devel/users/username1/login'
20210428 21:10:33.062 - INFO - +------- END KW: SeleniumLibrary.Go To (556)
20210428 21:10:33.062 - INFO - +------ END KW: FunctionsGlobal.Got To Url With Param (557)
20210428 21:10:33.062 - INFO - +------ START KW: FunctionsGlobal.Page WithoutWarningOrFailure [ ]
20210428 21:10:33.062 - INFO - +------- START KW: SeleniumLibrary.Page Should Not Contain [ Warning: ]
20210428 21:10:33.063 - DEBUG - Test timeout 2 minutes active. 118.078 seconds left.
20210428 21:10:33.090 - DEBUG - Current frame has 0 subframes.
20210428 21:10:33.091 - INFO - Current page does not contain text 'Warning:'.
20210428 21:10:33.091 - INFO - +------- END KW: SeleniumLibrary.Page Should Not Contain (29)
20210428 21:10:33.091 - INFO - +------- START KW: SeleniumLibrary.Page Should Not Contain [ Failed ]
20210428 21:10:33.091 - DEBUG - Test timeout 2 minutes active. 118.05 seconds left.
20210428 21:10:33.104 - DEBUG - Current frame has 0 subframes.
20210428 21:10:33.104 - INFO - Current page does not contain text 'Failed'.
20210428 21:10:33.105 - INFO - +------- END KW: SeleniumLibrary.Page Should Not Contain (14)
20210428 21:10:33.105 - INFO - +------- START KW: SeleniumLibrary.Page Should Not Contain [ Internal Server Error ]
20210428 21:10:33.105 - DEBUG - Test timeout 2 minutes active. 118.036 seconds left.
20210428 21:10:33.114 - DEBUG - Current frame has 0 subframes.
20210428 21:10:33.114 - INFO - Current page does not contain text 'Internal Server Error'.
20210428 21:10:33.114 - INFO - +------- END KW: SeleniumLibrary.Page Should Not Contain (9)
20210428 21:10:33.114 - INFO - +------ END KW: FunctionsGlobal.Page WithoutWarningOrFailure (52)
20210428 21:10:33.115 - INFO - +----- END KW: FunctionsGlobal.Go To Url (609)
20210428 21:10:33.115 - INFO - +----- START KW: SeleniumLibrary.Page Should Not Contain [ Error signing in user ]
20210428 21:10:33.115 - DEBUG - Test timeout 2 minutes active. 118.026 seconds left.
20210428 21:10:33.121 - DEBUG - Current frame has 0 subframes.
20210428 21:10:33.121 - INFO - Current page does not contain text 'Error signing in user'.
20210428 21:10:33.122 - INFO - +----- END KW: SeleniumLibrary.Page Should Not Contain (6)
20210428 21:10:33.122 - INFO - +---- END KW: FunctionsGlobal.Sign In ${USER_1.name} Fast (618)
~~~~~~~~~~~~~~~~~~~~~~~~~~~~~~~~~~~~~~~~~~~~~~~~~~~~~~~~~~~~~~~~~~~~~~~~~~~~~~
20210428 21:10:33.122 - INFO - +---- START KW: Images.Upload user avatar via button [ ${PAGE_USER_1_PROFILE_URL} | /home/travis/build/geokrety/geokrety-website/tests-qa/acceptance/060_UserAvatar.robot/sample-picture.png ]
20210428 21:10:33.123 - INFO - +----- START KW: SeleniumLibrary.Go To [ ${user_profile_url} ]
20210428 21:10:33.123 - DEBUG - Test timeout 2 minutes active. 118.018 seconds left.
20210428 21:10:33.123 - INFO - Opening url 'http://localhost:3001/en/users/1'
20210428 21:10:33.613 - INFO - +----- END KW: SeleniumLibrary.Go To (490)
20210428 21:10:33.613 - INFO - +----- START KW: SeleniumLibrary.Wait Until Page Contains Element [ ${USER_PROFILE_DROPZONE_PICTURE_UPLOAD_BUTTON} | timeout=30 ]
20210428 21:10:33.613 - DEBUG - Test timeout 2 minutes active. 117.528 seconds left.
20210428 21:10:33.633 - INFO - +----- END KW: SeleniumLibrary.Wait Until Page Contains Element (20)
20210428 21:10:33.633 - INFO - +----- START KW: SeleniumLibrary.Choose File [ //*[@type="file"] | ${file} ]
20210428 21:10:33.634 - DEBUG - Test timeout 2 minutes active. 117.508 seconds left.
20210428 21:10:33.634 - INFO - Sending /home/travis/build/geokrety/geokrety-website/tests-qa/acceptance/060_UserAvatar.robot/sample-picture.png to browser.
20210428 21:10:33.669 - INFO - +----- END KW: SeleniumLibrary.Choose File (36)
20210428 21:10:33.669 - INFO - +----- START KW: BuiltIn.Run Keyword And Continue On Failure [ Wait Until Page Contains Element | ${USER_PROFILE_DROPZONE_IMAGE}\[${count}]${DROPZONE_PROCESSING_SUFFIX} | timeout=30 ]
20210428 21:10:33.670 - INFO - +------ START KW: SeleniumLibrary.Wait Until Page Contains Element [ ${USER_PROFILE_DROPZONE_IMAGE}\[${count}]${DROPZONE_PROCESSING_SUFFIX} | timeout=30 ]
20210428 21:10:33.670 - DEBUG - Test timeout 2 minutes active. 117.471 seconds left.
20210428 21:10:33.896 - INFO - +------ END KW: SeleniumLibrary.Wait Until Page Contains Element (226)
20210428 21:10:33.896 - INFO - +----- END KW: BuiltIn.Run Keyword And Continue On Failure (227)
20210428 21:10:33.897 - INFO - +----- START KW: SeleniumLibrary.Wait Until Page Contains Element [ ${USER_PROFILE_DROPZONE_IMAGE}\[${count}]${DROPZONE_PROCESSED_SUFFIX} | timeout=30 ]
20210428 21:10:33.897 - DEBUG - Test timeout 2 minutes active. 117.244 seconds left.
20210428 21:10:36.160 - INFO - +----- END KW: SeleniumLibrary.Wait Until Page Contains Element (2263)
20210428 21:10:36.160 - INFO - +---- END KW: Images.Upload user avatar via button (3038)
~~~~~~~~~~~~~~~~~~~~~~~~~~~~~~~~~~~~~~~~~~~~~~~~~~~~~~~~~~~~~~~~~~~~~~~~~~~~~~
20210428 21:10:36.160 - INFO - +---- START KW: Images.Click Picture Action [ ${USER_PROFILE_FIRST_IMAGE} | ${PICTURE_PULLER_SET_AS_AVATAR_BUTTON} ]
20210428 21:10:36.161 - INFO - +----- START KW: SeleniumLibrary.Wait Until Page Contains Element [ ${image}${PICTURE_PULLER} ]
20210428 21:10:36.161 - DEBUG - Test timeout 2 minutes active. 114.98 seconds left.
20210428 21:10:36.165 - INFO - +----- END KW: SeleniumLibrary.Wait Until Page Contains Element (4)
20210428 21:10:36.165 - INFO - +----- START KW: FunctionsGlobal.Scroll Into View [ ${image}${PICTURE_PULLER} ]
20210428 21:10:36.166 - INFO - +------ START KW: SeleniumLibrary.Execute Javascript [ document.evaluate('${element}', document, null, XPathResult.FIRST_ORDERED_NODE_TYPE, null).singleNodeValue.scrollIntoView({ behavior: 'auto', block: 'center', inline: 'center' }); ]
20210428 21:10:36.166 - DEBUG - Test timeout 2 minutes active. 114.975 seconds left.
20210428 21:10:36.166 - INFO - Executing JavaScript:
document.evaluate('//*[@id="userPicturesList"]//div[@class="gallery"]/div[@class="gallery"][1]//div[contains(@class, "pictures-actions-pull")]', document, null, XPathResult.FIRST_ORDERED_NODE_TYPE, null).singleNodeValue.scrollIntoView({ behavior: 'auto', block: 'center', inline: 'center' });
Without any arguments.
20210428 21:10:36.172 - INFO - +------ END KW: SeleniumLibrary.Execute Javascript (6)
20210428 21:10:36.172 - INFO - +----- END KW: FunctionsGlobal.Scroll Into View (7)
20210428 21:10:36.173 - INFO - +----- START KW: SeleniumLibrary.Mouse Over [ ${image}${PICTURE_PULLER} ]
20210428 21:10:36.173 - DEBUG - Test timeout 2 minutes active. 114.968 seconds left.
20210428 21:10:36.173 - INFO - Simulating Mouse Over on element '//*[@id="userPicturesList"]//div[@class="gallery"]/div[@class="gallery"][1]//div[contains(@class, "pictures-actions-pull")]'.
20210428 21:10:36.447 - INFO - +----- END KW: SeleniumLibrary.Mouse Over (274)
20210428 21:10:36.447 - INFO - +----- START KW: SeleniumLibrary.Mouse Over [ ${image}${button} ]
20210428 21:10:36.448 - DEBUG - Test timeout 2 minutes active. 114.693 seconds left.
20210428 21:10:36.448 - INFO - Simulating Mouse Over on element '//*[@id="userPicturesList"]//div[@class="gallery"]/div[@class="gallery"][1]//button[@data-type="define-as-main-avatar"]'.
20210428 21:10:36.721 - INFO - +----- END KW: SeleniumLibrary.Mouse Over (274)
20210428 21:10:36.721 - INFO - +----- START KW: SeleniumLibrary.Click Button [ ${image}${button} ]
20210428 21:10:36.722 - DEBUG - Test timeout 2 minutes active. 114.419 seconds left.
20210428 21:10:36.722 - INFO - Clicking button '//*[@id="userPicturesList"]//div[@class="gallery"]/div[@class="gallery"][1]//button[@data-type="define-as-main-avatar"]'.
20210428 21:10:36.986 - INFO - +----- END KW: SeleniumLibrary.Click Button (265)
20210428 21:10:36.987 - INFO - +---- END KW: Images.Click Picture Action (827)
~~~~~~~~~~~~~~~~~~~~~~~~~~~~~~~~~~~~~~~~~~~~~~~~~~~~~~~~~~~~~~~~~~~~~~~~~~~~~~
20210428 21:10:36.987 - INFO - +---- START KW: FunctionsGlobal.Wait Until Modal [ Do you want to set this picture as main avatar? ]
20210428 21:10:36.987 - INFO - +----- START KW: SeleniumLibrary.Wait Until Page Contains Element [ ${MODAL_DIALOG} ]
20210428 21:10:36.988 - DEBUG - Test timeout 2 minutes active. 114.154 seconds left.
20210428 21:10:36.991 - INFO - +----- END KW: SeleniumLibrary.Wait Until Page Contains Element (4)
20210428 21:10:36.992 - INFO - +----- START KW: SeleniumLibrary.Wait Until Page Contains Element [ ${MODAL_DIALOG_TITLE} ]
20210428 21:10:36.992 - DEBUG - Test timeout 2 minutes active. 114.149 seconds left.
20210428 21:10:36.995 - INFO - +----- END KW: SeleniumLibrary.Wait Until Page Contains Element (4)
20210428 21:10:36.995 - INFO - +----- START KW: SeleniumLibrary.Wait Until Element Is Visible [ ${MODAL_DIALOG} ]
20210428 21:10:36.995 - DEBUG - Test timeout 2 minutes active. 114.146 seconds left.
20210428 21:10:37.011 - INFO - +----- END KW: SeleniumLibrary.Wait Until Element Is Visible (16)
20210428 21:10:37.011 - INFO - +----- START KW: SeleniumLibrary.Wait Until Element Is Visible [ ${MODAL_DIALOG_TITLE} ]
20210428 21:10:37.011 - DEBUG - Test timeout 2 minutes active. 114.13 seconds left.
20210428 21:10:37.026 - INFO - +----- END KW: SeleniumLibrary.Wait Until Element Is Visible (15)
20210428 21:10:37.027 - INFO - +----- START KW: SeleniumLibrary.Element Should Contain [ ${MODAL_DIALOG_TITLE} | ${title} ]
20210428 21:10:37.027 - DEBUG - Test timeout 2 minutes active. 114.114 seconds left.
20210428 21:10:37.042 - INFO - Element '//div[@class="modal-dialog"]//*[@id="modalLabel"]' contains text 'Do you want to set this picture as main avatar?'.
20210428 21:10:37.042 - INFO - +----- END KW: SeleniumLibrary.Element Should Contain (15)
20210428 21:10:37.043 - INFO - +---- END KW: FunctionsGlobal.Wait Until Modal (56)
~~~~~~~~~~~~~~~~~~~~~~~~~~~~~~~~~~~~~~~~~~~~~~~~~~~~~~~~~~~~~~~~~~~~~~~~~~~~~~
20210428 21:10:37.043 - INFO - +---- START KW: RobotEyes.Open Eyes [ SeleniumLibrary | 5 ]
20210428 21:10:37.043 - DEBUG - Test timeout 2 minutes active. 114.098 seconds left.
20210428 21:10:37.049 - INFO - Set_image_as_main_avatar
20210428 21:10:37.049 - INFO - +---- END KW: RobotEyes.Open Eyes (6)
~~~~~~~~~~~~~~~~~~~~~~~~~~~~~~~~~~~~~~~~~~~~~~~~~~~~~~~~~~~~~~~~~~~~~~~~~~~~~~
20210428 21:10:37.049 - INFO - +---- START KW: RobotEyes.Capture Element [ ${MODAL_DIALOG} | name=img1 ]
20210428 21:10:37.050 - DEBUG - Test timeout 2 minutes active. 114.092 seconds left.
20210428 21:10:38.176 - INFO - +---- END KW: RobotEyes.Capture Element (1127)
~~~~~~~~~~~~~~~~~~~~~~~~~~~~~~~~~~~~~~~~~~~~~~~~~~~~~~~~~~~~~~~~~~~~~~~~~~~~~~
20210428 21:10:38.176 - INFO - +---- START KW: SeleniumLibrary.Click Button [ ${MODAL_DIALOG_SUBMIT_BUTTON} ]
20210428 21:10:38.176 - DEBUG - Test timeout 2 minutes active. 112.965 seconds left.
20210428 21:10:38.177 - INFO - Clicking button '//div[@class="modal-dialog"]//div[contains(@class, "modal-footer")]/button[@type="submit"]'.
20210428 21:10:39.013 - INFO - +---- END KW: SeleniumLibrary.Click Button (837)
~~~~~~~~~~~~~~~~~~~~~~~~~~~~~~~~~~~~~~~~~~~~~~~~~~~~~~~~~~~~~~~~~~~~~~~~~~~~~~
20210428 21:10:39.014 - INFO - +---- START KW: RobotEyes.Capture Element [ ${USER_PROFILE_AVATAR_GALLERY} | name=img2 ]
20210428 21:10:39.014 - DEBUG - Test timeout 2 minutes active. 112.127 seconds left.
20210428 21:10:40.113 - INFO - +---- END KW: RobotEyes.Capture Element (1099)
~~~~~~~~~~~~~~~~~~~~~~~~~~~~~~~~~~~~~~~~~~~~~~~~~~~~~~~~~~~~~~~~~~~~~~~~~~~~~~
20210428 21:10:40.114 - INFO - +---- START KW: RobotEyes.Compare Images [ ]
20210428 21:10:40.241 - INFO - +----- START KW: BuiltIn.Fail [ Image dissimilarity exceeds tolerance ]
20210428 21:10:40.242 - DEBUG - Test timeout 2 minutes active. 110.899 seconds left.
20210428 21:10:40.242 - INFO - +----- END KW: BuiltIn.Fail (1)
20210428 21:10:40.114 - DEBUG - Test timeout 2 minutes active. 111.027 seconds left.
20210428 21:10:40.242 - FAIL - Image dissimilarity exceeds tolerance
20210428 21:10:40.242 - DEBUG - Traceback (most recent call last):
  None
20210428 21:10:40.242 - INFO - Comparison output: b'0 (0) @ 0,0'
Comparison output: b'31248.7 (0.476825) @ 0,0'
20210428 21:10:40.243 - INFO - +---- END KW: RobotEyes.Compare Images (129)
------------------------------------------------------------------------------
20210428 21:10:40.244 - INFO - +--- END TEST: Set image as main avatar (10809102)
------------------------------------------------------------------------------
20210428 21:10:40.245 - INFO - +--- START TEST: Set second image as main avatar [ ]
------------------------------------------------------------------------------
20210428 21:10:40.245 - INFO - +---- START SETUP: FunctionsGlobal.Clear DB And Seed 1 users [ ]
20210428 21:10:40.246 - INFO - +----- START KW: FunctionsGlobal.Clear Database [ ]
20210428 21:10:40.246 - INFO - +------ START KW: FunctionsGlobal.Go To Url [ ${PAGE_DEV_RESET_DB_URL} ]
20210428 21:10:40.247 - INFO - +------- START KW: FunctionsGlobal.Got To Url With Param [ ${url} | &{params} ]
20210428 21:10:40.248 - INFO - +-------- START KW: BuiltIn.Replace Variables [ ${url} ]
20210428 21:10:40.248 - DEBUG - Test timeout 2 minutes active. 119.996 seconds left.
20210428 21:10:40.248 - INFO - ${url_} = http://localhost:3001/devel/db/reset
20210428 21:10:40.248 - INFO - +-------- END KW: BuiltIn.Replace Variables (0)
20210428 21:10:40.249 - INFO - +-------- START KW: SeleniumLibrary.Go To [ ${url_} ]
20210428 21:10:40.249 - DEBUG - Test timeout 2 minutes active. 119.995 seconds left.
20210428 21:10:40.249 - INFO - Opening url 'http://localhost:3001/devel/db/reset'
20210428 21:10:40.470 - INFO - +-------- END KW: SeleniumLibrary.Go To (221)
20210428 21:10:40.470 - INFO - +------- END KW: FunctionsGlobal.Got To Url With Param (223)
20210428 21:10:40.470 - INFO - +------- START KW: FunctionsGlobal.Page WithoutWarningOrFailure [ ]
20210428 21:10:40.471 - INFO - +-------- START KW: SeleniumLibrary.Page Should Not Contain [ Warning: ]
20210428 21:10:40.471 - DEBUG - Test timeout 2 minutes active. 119.773 seconds left.
20210428 21:10:40.493 - DEBUG - Current frame has 0 subframes.
20210428 21:10:40.493 - INFO - Current page does not contain text 'Warning:'.
20210428 21:10:40.493 - INFO - +-------- END KW: SeleniumLibrary.Page Should Not Contain (22)
20210428 21:10:40.493 - INFO - +-------- START KW: SeleniumLibrary.Page Should Not Contain [ Failed ]
20210428 21:10:40.494 - DEBUG - Test timeout 2 minutes active. 119.751 seconds left.
20210428 21:10:40.500 - DEBUG - Current frame has 0 subframes.
20210428 21:10:40.500 - INFO - Current page does not contain text 'Failed'.
20210428 21:10:40.500 - INFO - +-------- END KW: SeleniumLibrary.Page Should Not Contain (7)
20210428 21:10:40.500 - INFO - +-------- START KW: SeleniumLibrary.Page Should Not Contain [ Internal Server Error ]
20210428 21:10:40.501 - DEBUG - Test timeout 2 minutes active. 119.744 seconds left.
20210428 21:10:40.508 - DEBUG - Current frame has 0 subframes.
20210428 21:10:40.508 - INFO - Current page does not contain text 'Internal Server Error'.
20210428 21:10:40.508 - INFO - +-------- END KW: SeleniumLibrary.Page Should Not Contain (8)
20210428 21:10:40.508 - INFO - +------- END KW: FunctionsGlobal.Page WithoutWarningOrFailure (38)
20210428 21:10:40.508 - INFO - +------ END KW: FunctionsGlobal.Go To Url (262)
20210428 21:10:40.508 - INFO - +------ START KW: SeleniumLibrary.Page Should Contain [ OK ]
20210428 21:10:40.508 - DEBUG - Test timeout 2 minutes active. 119.736 seconds left.
20210428 21:10:40.513 - INFO - Current page contains text 'OK'.
20210428 21:10:40.513 - INFO - +------ END KW: SeleniumLibrary.Page Should Contain (5)
20210428 21:10:40.513 - INFO - +----- END KW: FunctionsGlobal.Clear Database (267)
20210428 21:10:40.513 - INFO - +----- START KW: FunctionsGlobal.Go To Url [ ${PAGE_SEED_USER}/${count} ]
20210428 21:10:40.514 - INFO - +------ START KW: FunctionsGlobal.Got To Url With Param [ ${url} | &{params} ]
20210428 21:10:40.514 - INFO - +------- START KW: BuiltIn.Replace Variables [ ${url} ]
20210428 21:10:40.514 - DEBUG - Test timeout 2 minutes active. 119.73 seconds left.
20210428 21:10:40.514 - INFO - ${url_} = http://localhost:3001/devel/db/users/seed/1
20210428 21:10:40.514 - INFO - +------- END KW: BuiltIn.Replace Variables (0)
20210428 21:10:40.515 - INFO - +------- START KW: SeleniumLibrary.Go To [ ${url_} ]
20210428 21:10:40.515 - DEBUG - Test timeout 2 minutes active. 119.729 seconds left.
20210428 21:10:40.515 - INFO - Opening url 'http://localhost:3001/devel/db/users/seed/1'
20210428 21:10:40.986 - INFO - +------- END KW: SeleniumLibrary.Go To (472)
20210428 21:10:40.986 - INFO - +------ END KW: FunctionsGlobal.Got To Url With Param (472)
20210428 21:10:40.986 - INFO - +------ START KW: FunctionsGlobal.Page WithoutWarningOrFailure [ ]
20210428 21:10:40.986 - INFO - +------- START KW: SeleniumLibrary.Page Should Not Contain [ Warning: ]
20210428 21:10:40.987 - DEBUG - Test timeout 2 minutes active. 119.258 seconds left.
20210428 21:10:41.008 - DEBUG - Current frame has 0 subframes.
20210428 21:10:41.008 - INFO - Current page does not contain text 'Warning:'.
20210428 21:10:41.008 - INFO - +------- END KW: SeleniumLibrary.Page Should Not Contain (22)
20210428 21:10:41.009 - INFO - +------- START KW: SeleniumLibrary.Page Should Not Contain [ Failed ]
20210428 21:10:41.009 - DEBUG - Test timeout 2 minutes active. 119.235 seconds left.
20210428 21:10:41.015 - DEBUG - Current frame has 0 subframes.
20210428 21:10:41.015 - INFO - Current page does not contain text 'Failed'.
20210428 21:10:41.016 - INFO - +------- END KW: SeleniumLibrary.Page Should Not Contain (7)
20210428 21:10:41.016 - INFO - +------- START KW: SeleniumLibrary.Page Should Not Contain [ Internal Server Error ]
20210428 21:10:41.016 - DEBUG - Test timeout 2 minutes active. 119.228 seconds left.
20210428 21:10:41.023 - DEBUG - Current frame has 0 subframes.
20210428 21:10:41.023 - INFO - Current page does not contain text 'Internal Server Error'.
20210428 21:10:41.023 - INFO - +------- END KW: SeleniumLibrary.Page Should Not Contain (7)
20210428 21:10:41.024 - INFO - +------ END KW: FunctionsGlobal.Page WithoutWarningOrFailure (38)
20210428 21:10:41.024 - INFO - +----- END KW: FunctionsGlobal.Go To Url (511)
20210428 21:10:41.024 - INFO - +----- START KW: FunctionsGlobal.Empty Dev Mailbox Fast [ ]
20210428 21:10:41.024 - INFO - +------ START KW: FunctionsGlobal.Go To Url [ ${PAGE_DEV_MAILBOX_CLEAR_URL} ]
20210428 21:10:41.025 - INFO - +------- START KW: FunctionsGlobal.Got To Url With Param [ ${url} | &{params} ]
20210428 21:10:41.025 - INFO - +-------- START KW: BuiltIn.Replace Variables [ ${url} ]
20210428 21:10:41.026 - DEBUG - Test timeout 2 minutes active. 119.219 seconds left.
20210428 21:10:41.026 - INFO - ${url_} = http://localhost:3001/devel/mail/delete/all
20210428 21:10:41.026 - INFO - +-------- END KW: BuiltIn.Replace Variables (1)
20210428 21:10:41.026 - INFO - +-------- START KW: SeleniumLibrary.Go To [ ${url_} ]
20210428 21:10:41.026 - DEBUG - Test timeout 2 minutes active. 119.218 seconds left.
20210428 21:10:41.026 - INFO - Opening url 'http://localhost:3001/devel/mail/delete/all'
20210428 21:10:41.275 - INFO - +-------- END KW: SeleniumLibrary.Go To (249)
20210428 21:10:41.275 - INFO - +------- END KW: FunctionsGlobal.Got To Url With Param (250)
20210428 21:10:41.275 - INFO - +------- START KW: FunctionsGlobal.Page WithoutWarningOrFailure [ ]
20210428 21:10:41.276 - INFO - +-------- START KW: SeleniumLibrary.Page Should Not Contain [ Warning: ]
20210428 21:10:41.276 - DEBUG - Test timeout 2 minutes active. 118.968 seconds left.
20210428 21:10:41.294 - DEBUG - Current frame has 0 subframes.
20210428 21:10:41.295 - INFO - Current page does not contain text 'Warning:'.
20210428 21:10:41.295 - INFO - +-------- END KW: SeleniumLibrary.Page Should Not Contain (19)
20210428 21:10:41.295 - INFO - +-------- START KW: SeleniumLibrary.Page Should Not Contain [ Failed ]
20210428 21:10:41.295 - DEBUG - Test timeout 2 minutes active. 118.949 seconds left.
20210428 21:10:41.301 - DEBUG - Current frame has 0 subframes.
20210428 21:10:41.301 - INFO - Current page does not contain text 'Failed'.
20210428 21:10:41.301 - INFO - +-------- END KW: SeleniumLibrary.Page Should Not Contain (6)
20210428 21:10:41.301 - INFO - +-------- START KW: SeleniumLibrary.Page Should Not Contain [ Internal Server Error ]
20210428 21:10:41.302 - DEBUG - Test timeout 2 minutes active. 118.943 seconds left.
20210428 21:10:41.310 - DEBUG - Current frame has 0 subframes.
20210428 21:10:41.310 - INFO - Current page does not contain text 'Internal Server Error'.
20210428 21:10:41.310 - INFO - +-------- END KW: SeleniumLibrary.Page Should Not Contain (9)
20210428 21:10:41.310 - INFO - +------- END KW: FunctionsGlobal.Page WithoutWarningOrFailure (35)
20210428 21:10:41.310 - INFO - +------ END KW: FunctionsGlobal.Go To Url (286)
20210428 21:10:41.310 - INFO - +----- END KW: FunctionsGlobal.Empty Dev Mailbox Fast (286)
20210428 21:10:41.310 - INFO - +---- END SETUP: FunctionsGlobal.Clear DB And Seed 1 users (1065)
~~~~~~~~~~~~~~~~~~~~~~~~~~~~~~~~~~~~~~~~~~~~~~~~~~~~~~~~~~~~~~~~~~~~~~~~~~~~~~
20210428 21:10:41.311 - INFO - +---- START KW: RobotEyes.Compare Images [ ]
20210428 21:10:41.446 - INFO - +----- START KW: BuiltIn.Fail [ Image dissimilarity exceeds tolerance ]
20210428 21:10:41.446 - DEBUG - Test timeout 2 minutes active. 118.798 seconds left.
20210428 21:10:41.447 - INFO - +----- END KW: BuiltIn.Fail (1)
20210428 21:10:41.311 - DEBUG - Test timeout 2 minutes active. 118.933 seconds left.
20210428 21:10:41.447 - FAIL - Image dissimilarity exceeds tolerance
20210428 21:10:41.447 - DEBUG - Traceback (most recent call last):
  None
20210428 21:10:41.447 - INFO - Comparison output: b'0 (0) @ 0,0'
Comparison output: b'31248.7 (0.476825) @ 0,0'
20210428 21:10:41.447 - INFO - +---- END KW: RobotEyes.Compare Images (136)
------------------------------------------------------------------------------
20210428 21:10:41.448 - INFO - +--- END TEST: Set second image as main avatar (1203)
------------------------------------------------------------------------------
20210428 21:10:41.451 - INFO - +-- END SUITE: Acceptance.060 UserAvatar.robot.030 DefineAsMain (10810386)
==============================================================================
20210428 21:10:41.482 - INFO - +-- START SUITE: Acceptance.060 UserAvatar.robot.040 UpdateCaption [ ]
==============================================================================
20210428 21:10:41.483 - INFO - +--- START SETUP: Seed [ ]
20210428 21:10:41.483 - INFO - +---- START KW: FunctionsGlobal.Clear Database [ ]
20210428 21:10:41.484 - INFO - +----- START KW: FunctionsGlobal.Go To Url [ ${PAGE_DEV_RESET_DB_URL} ]
20210428 21:10:41.484 - INFO - +------ START KW: FunctionsGlobal.Got To Url With Param [ ${url} | &{params} ]
20210428 21:10:41.485 - INFO - +------- START KW: BuiltIn.Replace Variables [ ${url} ]
20210428 21:10:41.485 - INFO - ${url_} = http://localhost:3001/devel/db/reset
20210428 21:10:41.485 - INFO - +------- END KW: BuiltIn.Replace Variables (0)
20210428 21:10:41.485 - INFO - +------- START KW: SeleniumLibrary.Go To [ ${url_} ]
20210428 21:10:41.486 - INFO - Opening url 'http://localhost:3001/devel/db/reset'
20210428 21:10:41.716 - INFO - +------- END KW: SeleniumLibrary.Go To (231)
20210428 21:10:41.717 - INFO - +------ END KW: FunctionsGlobal.Got To Url With Param (233)
20210428 21:10:41.717 - INFO - +------ START KW: FunctionsGlobal.Page WithoutWarningOrFailure [ ]
20210428 21:10:41.718 - INFO - +------- START KW: SeleniumLibrary.Page Should Not Contain [ Warning: ]
20210428 21:10:41.732 - DEBUG - Current frame has 0 subframes.
20210428 21:10:41.732 - INFO - Current page does not contain text 'Warning:'.
20210428 21:10:41.732 - INFO - +------- END KW: SeleniumLibrary.Page Should Not Contain (14)
20210428 21:10:41.732 - INFO - +------- START KW: SeleniumLibrary.Page Should Not Contain [ Failed ]
20210428 21:10:41.737 - DEBUG - Current frame has 0 subframes.
20210428 21:10:41.737 - INFO - Current page does not contain text 'Failed'.
20210428 21:10:41.737 - INFO - +------- END KW: SeleniumLibrary.Page Should Not Contain (5)
20210428 21:10:41.738 - INFO - +------- START KW: SeleniumLibrary.Page Should Not Contain [ Internal Server Error ]
20210428 21:10:41.745 - DEBUG - Current frame has 0 subframes.
20210428 21:10:41.745 - INFO - Current page does not contain text 'Internal Server Error'.
20210428 21:10:41.745 - INFO - +------- END KW: SeleniumLibrary.Page Should Not Contain (7)
20210428 21:10:41.745 - INFO - +------ END KW: FunctionsGlobal.Page WithoutWarningOrFailure (28)
20210428 21:10:41.745 - INFO - +----- END KW: FunctionsGlobal.Go To Url (261)
20210428 21:10:41.745 - INFO - +----- START KW: SeleniumLibrary.Page Should Contain [ OK ]
20210428 21:10:41.749 - INFO - Current page contains text 'OK'.
20210428 21:10:41.750 - INFO - +----- END KW: SeleniumLibrary.Page Should Contain (5)
20210428 21:10:41.750 - INFO - +---- END KW: FunctionsGlobal.Clear Database (267)
20210428 21:10:41.750 - INFO - +---- START KW: FunctionsGlobal.Seed 1 users [ ]
20210428 21:10:41.750 - INFO - +----- START KW: FunctionsGlobal.Go To Url [ ${PAGE_SEED_USER}/${count} ]
20210428 21:10:41.751 - INFO - +------ START KW: FunctionsGlobal.Got To Url With Param [ ${url} | &{params} ]
20210428 21:10:41.751 - INFO - +------- START KW: BuiltIn.Replace Variables [ ${url} ]
20210428 21:10:41.751 - INFO - ${url_} = http://localhost:3001/devel/db/users/seed/1
20210428 21:10:41.751 - INFO - +------- END KW: BuiltIn.Replace Variables (0)
20210428 21:10:41.751 - INFO - +------- START KW: SeleniumLibrary.Go To [ ${url_} ]
20210428 21:10:41.752 - INFO - Opening url 'http://localhost:3001/devel/db/users/seed/1'
20210428 21:10:42.205 - INFO - +------- END KW: SeleniumLibrary.Go To (454)
20210428 21:10:42.205 - INFO - +------ END KW: FunctionsGlobal.Got To Url With Param (454)
20210428 21:10:42.206 - INFO - +------ START KW: FunctionsGlobal.Page WithoutWarningOrFailure [ ]
20210428 21:10:42.206 - INFO - +------- START KW: SeleniumLibrary.Page Should Not Contain [ Warning: ]
20210428 21:10:42.219 - DEBUG - Current frame has 0 subframes.
20210428 21:10:42.219 - INFO - Current page does not contain text 'Warning:'.
20210428 21:10:42.219 - INFO - +------- END KW: SeleniumLibrary.Page Should Not Contain (13)
20210428 21:10:42.220 - INFO - +------- START KW: SeleniumLibrary.Page Should Not Contain [ Failed ]
20210428 21:10:42.241 - DEBUG - Current frame has 0 subframes.
20210428 21:10:42.241 - INFO - Current page does not contain text 'Failed'.
20210428 21:10:42.241 - INFO - +------- END KW: SeleniumLibrary.Page Should Not Contain (21)
20210428 21:10:42.241 - INFO - +------- START KW: SeleniumLibrary.Page Should Not Contain [ Internal Server Error ]
20210428 21:10:42.259 - DEBUG - Current frame has 0 subframes.
20210428 21:10:42.259 - INFO - Current page does not contain text 'Internal Server Error'.
20210428 21:10:42.259 - INFO - +------- END KW: SeleniumLibrary.Page Should Not Contain (18)
20210428 21:10:42.259 - INFO - +------ END KW: FunctionsGlobal.Page WithoutWarningOrFailure (53)
20210428 21:10:42.260 - INFO - +----- END KW: FunctionsGlobal.Go To Url (510)
20210428 21:10:42.260 - INFO - +----- START KW: FunctionsGlobal.Empty Dev Mailbox Fast [ ]
20210428 21:10:42.260 - INFO - +------ START KW: FunctionsGlobal.Go To Url [ ${PAGE_DEV_MAILBOX_CLEAR_URL} ]
20210428 21:10:42.260 - INFO - +------- START KW: FunctionsGlobal.Got To Url With Param [ ${url} | &{params} ]
20210428 21:10:42.261 - INFO - +-------- START KW: BuiltIn.Replace Variables [ ${url} ]
20210428 21:10:42.261 - INFO - ${url_} = http://localhost:3001/devel/mail/delete/all
20210428 21:10:42.261 - INFO - +-------- END KW: BuiltIn.Replace Variables (0)
20210428 21:10:42.261 - INFO - +-------- START KW: SeleniumLibrary.Go To [ ${url_} ]
20210428 21:10:42.262 - INFO - Opening url 'http://localhost:3001/devel/mail/delete/all'
20210428 21:10:42.497 - INFO - +-------- END KW: SeleniumLibrary.Go To (236)
20210428 21:10:42.498 - INFO - +------- END KW: FunctionsGlobal.Got To Url With Param (238)
20210428 21:10:42.498 - INFO - +------- START KW: FunctionsGlobal.Page WithoutWarningOrFailure [ ]
20210428 21:10:42.498 - INFO - +-------- START KW: SeleniumLibrary.Page Should Not Contain [ Warning: ]
20210428 21:10:42.520 - DEBUG - Current frame has 0 subframes.
20210428 21:10:42.521 - INFO - Current page does not contain text 'Warning:'.
20210428 21:10:42.521 - INFO - +-------- END KW: SeleniumLibrary.Page Should Not Contain (23)
20210428 21:10:42.521 - INFO - +-------- START KW: SeleniumLibrary.Page Should Not Contain [ Failed ]
20210428 21:10:42.540 - DEBUG - Current frame has 0 subframes.
20210428 21:10:42.540 - INFO - Current page does not contain text 'Failed'.
20210428 21:10:42.540 - INFO - +-------- END KW: SeleniumLibrary.Page Should Not Contain (19)
20210428 21:10:42.540 - INFO - +-------- START KW: SeleniumLibrary.Page Should Not Contain [ Internal Server Error ]
20210428 21:10:42.580 - DEBUG - Current frame has 0 subframes.
20210428 21:10:42.580 - INFO - Current page does not contain text 'Internal Server Error'.
20210428 21:10:42.580 - INFO - +-------- END KW: SeleniumLibrary.Page Should Not Contain (40)
20210428 21:10:42.580 - INFO - +------- END KW: FunctionsGlobal.Page WithoutWarningOrFailure (82)
20210428 21:10:42.581 - INFO - +------ END KW: FunctionsGlobal.Go To Url (321)
20210428 21:10:42.581 - INFO - +----- END KW: FunctionsGlobal.Empty Dev Mailbox Fast (321)
20210428 21:10:42.581 - INFO - +---- END KW: FunctionsGlobal.Seed 1 users (831)
20210428 21:10:42.581 - INFO - +--- END SETUP: Seed (1098)
------------------------------------------------------------------------------
20210428 21:10:42.581 - INFO - +--- START TEST: Define Picture Caption [ ]
------------------------------------------------------------------------------
20210428 21:10:42.582 - INFO - +---- START KW: FunctionsGlobal.Sign In ${USER_1.name} Fast [ ]
20210428 21:10:42.583 - INFO - +----- START KW: FunctionsGlobal.Go To Url [ ${PAGE_LOGIN_USER} | username=${username} ]
20210428 21:10:42.584 - INFO - +------ START KW: FunctionsGlobal.Got To Url With Param [ ${url} | &{params} ]
20210428 21:10:42.584 - INFO - +------- START KW: BuiltIn.Replace Variables [ ${url} ]
20210428 21:10:42.585 - DEBUG - Test timeout 2 minutes active. 119.996 seconds left.
20210428 21:10:42.585 - INFO - ${url_} = http://localhost:3001/devel/users/username1/login
20210428 21:10:42.585 - INFO - +------- END KW: BuiltIn.Replace Variables (1)
20210428 21:10:42.585 - INFO - +------- START KW: SeleniumLibrary.Go To [ ${url_} ]
20210428 21:10:42.586 - DEBUG - Test timeout 2 minutes active. 119.995 seconds left.
20210428 21:10:42.586 - INFO - Opening url 'http://localhost:3001/devel/users/username1/login'
20210428 21:10:43.151 - INFO - +------- END KW: SeleniumLibrary.Go To (566)
20210428 21:10:43.152 - INFO - +------ END KW: FunctionsGlobal.Got To Url With Param (567)
20210428 21:10:43.152 - INFO - +------ START KW: FunctionsGlobal.Page WithoutWarningOrFailure [ ]
20210428 21:10:43.152 - INFO - +------- START KW: SeleniumLibrary.Page Should Not Contain [ Warning: ]
20210428 21:10:43.153 - DEBUG - Test timeout 2 minutes active. 119.428 seconds left.
20210428 21:10:43.187 - DEBUG - Current frame has 0 subframes.
20210428 21:10:43.187 - INFO - Current page does not contain text 'Warning:'.
20210428 21:10:43.187 - INFO - +------- END KW: SeleniumLibrary.Page Should Not Contain (35)
20210428 21:10:43.188 - INFO - +------- START KW: SeleniumLibrary.Page Should Not Contain [ Failed ]
20210428 21:10:43.188 - DEBUG - Test timeout 2 minutes active. 119.393 seconds left.
20210428 21:10:43.197 - DEBUG - Current frame has 0 subframes.
20210428 21:10:43.197 - INFO - Current page does not contain text 'Failed'.
20210428 21:10:43.197 - INFO - +------- END KW: SeleniumLibrary.Page Should Not Contain (9)
20210428 21:10:43.197 - INFO - +------- START KW: SeleniumLibrary.Page Should Not Contain [ Internal Server Error ]
20210428 21:10:43.198 - DEBUG - Test timeout 2 minutes active. 119.384 seconds left.
20210428 21:10:43.213 - DEBUG - Current frame has 0 subframes.
20210428 21:10:43.213 - INFO - Current page does not contain text 'Internal Server Error'.
20210428 21:10:43.213 - INFO - +------- END KW: SeleniumLibrary.Page Should Not Contain (16)
20210428 21:10:43.213 - INFO - +------ END KW: FunctionsGlobal.Page WithoutWarningOrFailure (61)
20210428 21:10:43.213 - INFO - +----- END KW: FunctionsGlobal.Go To Url (630)
20210428 21:10:43.214 - INFO - +----- START KW: SeleniumLibrary.Page Should Not Contain [ Error signing in user ]
20210428 21:10:43.214 - DEBUG - Test timeout 2 minutes active. 119.367 seconds left.
20210428 21:10:43.221 - DEBUG - Current frame has 0 subframes.
20210428 21:10:43.221 - INFO - Current page does not contain text 'Error signing in user'.
20210428 21:10:43.222 - INFO - +----- END KW: SeleniumLibrary.Page Should Not Contain (8)
20210428 21:10:43.222 - INFO - +---- END KW: FunctionsGlobal.Sign In ${USER_1.name} Fast (640)
~~~~~~~~~~~~~~~~~~~~~~~~~~~~~~~~~~~~~~~~~~~~~~~~~~~~~~~~~~~~~~~~~~~~~~~~~~~~~~
20210428 21:10:43.222 - INFO - +---- START KW: Images.Upload user avatar via button [ ${PAGE_USER_1_PROFILE_URL} | /home/travis/build/geokrety/geokrety-website/tests-qa/acceptance/060_UserAvatar.robot/sample-picture.png ]
20210428 21:10:43.223 - INFO - +----- START KW: SeleniumLibrary.Go To [ ${user_profile_url} ]
20210428 21:10:43.223 - DEBUG - Test timeout 2 minutes active. 119.358 seconds left.
20210428 21:10:43.223 - INFO - Opening url 'http://localhost:3001/en/users/1'
20210428 21:10:43.671 - INFO - +----- END KW: SeleniumLibrary.Go To (449)
20210428 21:10:43.672 - INFO - +----- START KW: SeleniumLibrary.Wait Until Page Contains Element [ ${USER_PROFILE_DROPZONE_PICTURE_UPLOAD_BUTTON} | timeout=30 ]
20210428 21:10:43.672 - DEBUG - Test timeout 2 minutes active. 118.909 seconds left.
20210428 21:10:43.689 - INFO - +----- END KW: SeleniumLibrary.Wait Until Page Contains Element (17)
20210428 21:10:43.689 - INFO - +----- START KW: SeleniumLibrary.Choose File [ //*[@type="file"] | ${file} ]
20210428 21:10:43.689 - DEBUG - Test timeout 2 minutes active. 118.892 seconds left.
20210428 21:10:43.690 - INFO - Sending /home/travis/build/geokrety/geokrety-website/tests-qa/acceptance/060_UserAvatar.robot/sample-picture.png to browser.
20210428 21:10:43.724 - INFO - +----- END KW: SeleniumLibrary.Choose File (35)
20210428 21:10:43.724 - INFO - +----- START KW: BuiltIn.Run Keyword And Continue On Failure [ Wait Until Page Contains Element | ${USER_PROFILE_DROPZONE_IMAGE}\[${count}]${DROPZONE_PROCESSING_SUFFIX} | timeout=30 ]
20210428 21:10:43.725 - INFO - +------ START KW: SeleniumLibrary.Wait Until Page Contains Element [ ${USER_PROFILE_DROPZONE_IMAGE}\[${count}]${DROPZONE_PROCESSING_SUFFIX} | timeout=30 ]
20210428 21:10:43.725 - DEBUG - Test timeout 2 minutes active. 118.856 seconds left.
20210428 21:10:43.969 - INFO - +------ END KW: SeleniumLibrary.Wait Until Page Contains Element (244)
20210428 21:10:43.969 - INFO - +----- END KW: BuiltIn.Run Keyword And Continue On Failure (245)
20210428 21:10:43.969 - INFO - +----- START KW: SeleniumLibrary.Wait Until Page Contains Element [ ${USER_PROFILE_DROPZONE_IMAGE}\[${count}]${DROPZONE_PROCESSED_SUFFIX} | timeout=30 ]
20210428 21:10:43.969 - DEBUG - Test timeout 2 minutes active. 118.612 seconds left.
20210428 21:10:46.223 - INFO - +----- END KW: SeleniumLibrary.Wait Until Page Contains Element (2254)
20210428 21:10:46.224 - INFO - +---- END KW: Images.Upload user avatar via button (3002)
~~~~~~~~~~~~~~~~~~~~~~~~~~~~~~~~~~~~~~~~~~~~~~~~~~~~~~~~~~~~~~~~~~~~~~~~~~~~~~
20210428 21:10:46.224 - INFO - +---- START KW: Images.Click Picture Action [ ${USER_PROFILE_FIRST_IMAGE} | ${PICTURE_PULLER_EDIT_BUTTON} ]
20210428 21:10:46.224 - INFO - +----- START KW: SeleniumLibrary.Wait Until Page Contains Element [ ${image}${PICTURE_PULLER} ]
20210428 21:10:46.225 - DEBUG - Test timeout 2 minutes active. 116.357 seconds left.
20210428 21:10:46.228 - INFO - +----- END KW: SeleniumLibrary.Wait Until Page Contains Element (4)
20210428 21:10:46.228 - INFO - +----- START KW: FunctionsGlobal.Scroll Into View [ ${image}${PICTURE_PULLER} ]
20210428 21:10:46.228 - INFO - +------ START KW: SeleniumLibrary.Execute Javascript [ document.evaluate('${element}', document, null, XPathResult.FIRST_ORDERED_NODE_TYPE, null).singleNodeValue.scrollIntoView({ behavior: 'auto', block: 'center', inline: 'center' }); ]
20210428 21:10:46.228 - DEBUG - Test timeout 2 minutes active. 116.353 seconds left.
20210428 21:10:46.229 - INFO - Executing JavaScript:
document.evaluate('//*[@id="userPicturesList"]//div[@class="gallery"]/div[@class="gallery"][1]//div[contains(@class, "pictures-actions-pull")]', document, null, XPathResult.FIRST_ORDERED_NODE_TYPE, null).singleNodeValue.scrollIntoView({ behavior: 'auto', block: 'center', inline: 'center' });
Without any arguments.
20210428 21:10:46.232 - INFO - +------ END KW: SeleniumLibrary.Execute Javascript (4)
20210428 21:10:46.233 - INFO - +----- END KW: FunctionsGlobal.Scroll Into View (5)
20210428 21:10:46.233 - INFO - +----- START KW: SeleniumLibrary.Mouse Over [ ${image}${PICTURE_PULLER} ]
20210428 21:10:46.233 - DEBUG - Test timeout 2 minutes active. 116.348 seconds left.
20210428 21:10:46.233 - INFO - Simulating Mouse Over on element '//*[@id="userPicturesList"]//div[@class="gallery"]/div[@class="gallery"][1]//div[contains(@class, "pictures-actions-pull")]'.
20210428 21:10:46.495 - INFO - +----- END KW: SeleniumLibrary.Mouse Over (262)
20210428 21:10:46.495 - INFO - +----- START KW: SeleniumLibrary.Mouse Over [ ${image}${button} ]
20210428 21:10:46.496 - DEBUG - Test timeout 2 minutes active. 116.085 seconds left.
20210428 21:10:46.496 - INFO - Simulating Mouse Over on element '//*[@id="userPicturesList"]//div[@class="gallery"]/div[@class="gallery"][1]//button[@data-type="picture-edit"]'.
20210428 21:10:46.753 - INFO - +----- END KW: SeleniumLibrary.Mouse Over (258)
20210428 21:10:46.754 - INFO - +----- START KW: SeleniumLibrary.Click Button [ ${image}${button} ]
20210428 21:10:46.754 - DEBUG - Test timeout 2 minutes active. 115.827 seconds left.
20210428 21:10:46.754 - INFO - Clicking button '//*[@id="userPicturesList"]//div[@class="gallery"]/div[@class="gallery"][1]//button[@data-type="picture-edit"]'.
20210428 21:10:47.010 - INFO - +----- END KW: SeleniumLibrary.Click Button (256)
20210428 21:10:47.011 - INFO - +---- END KW: Images.Click Picture Action (787)
~~~~~~~~~~~~~~~~~~~~~~~~~~~~~~~~~~~~~~~~~~~~~~~~~~~~~~~~~~~~~~~~~~~~~~~~~~~~~~
20210428 21:10:47.011 - INFO - +---- START KW: FunctionsGlobal.Wait Until Modal [ Manage picture ]
20210428 21:10:47.011 - INFO - +----- START KW: SeleniumLibrary.Wait Until Page Contains Element [ ${MODAL_DIALOG} ]
20210428 21:10:47.011 - DEBUG - Test timeout 2 minutes active. 115.57 seconds left.
20210428 21:10:47.016 - INFO - +----- END KW: SeleniumLibrary.Wait Until Page Contains Element (5)
20210428 21:10:47.016 - INFO - +----- START KW: SeleniumLibrary.Wait Until Page Contains Element [ ${MODAL_DIALOG_TITLE} ]
20210428 21:10:47.016 - DEBUG - Test timeout 2 minutes active. 115.565 seconds left.
20210428 21:10:47.019 - INFO - +----- END KW: SeleniumLibrary.Wait Until Page Contains Element (3)
20210428 21:10:47.019 - INFO - +----- START KW: SeleniumLibrary.Wait Until Element Is Visible [ ${MODAL_DIALOG} ]
20210428 21:10:47.020 - DEBUG - Test timeout 2 minutes active. 115.562 seconds left.
20210428 21:10:47.035 - INFO - +----- END KW: SeleniumLibrary.Wait Until Element Is Visible (16)
20210428 21:10:47.035 - INFO - +----- START KW: SeleniumLibrary.Wait Until Element Is Visible [ ${MODAL_DIALOG_TITLE} ]
20210428 21:10:47.036 - DEBUG - Test timeout 2 minutes active. 115.546 seconds left.
20210428 21:10:47.050 - INFO - +----- END KW: SeleniumLibrary.Wait Until Element Is Visible (15)
20210428 21:10:47.050 - INFO - +----- START KW: SeleniumLibrary.Element Should Contain [ ${MODAL_DIALOG_TITLE} | ${title} ]
20210428 21:10:47.051 - DEBUG - Test timeout 2 minutes active. 115.53 seconds left.
20210428 21:10:47.058 - INFO - Element '//div[@class="modal-dialog"]//*[@id="modalLabel"]' contains text 'Manage picture'.
20210428 21:10:47.059 - INFO - +----- END KW: SeleniumLibrary.Element Should Contain (9)
20210428 21:10:47.059 - INFO - +---- END KW: FunctionsGlobal.Wait Until Modal (48)
~~~~~~~~~~~~~~~~~~~~~~~~~~~~~~~~~~~~~~~~~~~~~~~~~~~~~~~~~~~~~~~~~~~~~~~~~~~~~~
20210428 21:10:47.059 - INFO - +---- START KW: SeleniumLibrary.Input Text [ ${USER_PROFILE_AVATAR_CAPTION_INPUT} | Bonjour ]
20210428 21:10:47.059 - DEBUG - Test timeout 2 minutes active. 115.522 seconds left.
20210428 21:10:47.059 - INFO - Typing text 'Bonjour' into text field '//*[@id="caption"]'.
20210428 21:10:47.082 - INFO - +---- END KW: SeleniumLibrary.Input Text (23)
~~~~~~~~~~~~~~~~~~~~~~~~~~~~~~~~~~~~~~~~~~~~~~~~~~~~~~~~~~~~~~~~~~~~~~~~~~~~~~
20210428 21:10:47.082 - INFO - +---- START KW: SeleniumLibrary.Click Button [ ${MODAL_DIALOG_SUBMIT_BUTTON} ]
20210428 21:10:47.082 - DEBUG - Test timeout 2 minutes active. 115.499 seconds left.
20210428 21:10:47.082 - INFO - Clicking button '//div[@class="modal-dialog"]//div[contains(@class, "modal-footer")]/button[@type="submit"]'.
20210428 21:10:47.816 - INFO - +---- END KW: SeleniumLibrary.Click Button (734)
~~~~~~~~~~~~~~~~~~~~~~~~~~~~~~~~~~~~~~~~~~~~~~~~~~~~~~~~~~~~~~~~~~~~~~~~~~~~~~
20210428 21:10:47.816 - INFO - +---- START KW: RobotEyes.Open Eyes [ SeleniumLibrary | 6 ]
20210428 21:10:47.817 - DEBUG - Test timeout 2 minutes active. 114.765 seconds left.
20210428 21:10:47.829 - INFO - Define_Picture_Caption
20210428 21:10:47.829 - INFO - +---- END KW: RobotEyes.Open Eyes (13)
~~~~~~~~~~~~~~~~~~~~~~~~~~~~~~~~~~~~~~~~~~~~~~~~~~~~~~~~~~~~~~~~~~~~~~~~~~~~~~
20210428 21:10:47.830 - INFO - +---- START KW: SeleniumLibrary.Page Should Contain [ Picture caption saved. ]
20210428 21:10:47.830 - DEBUG - Test timeout 2 minutes active. 114.751 seconds left.
20210428 21:10:47.850 - INFO - Current page contains text 'Picture caption saved.'.
20210428 21:10:47.851 - INFO - +---- END KW: SeleniumLibrary.Page Should Contain (21)
~~~~~~~~~~~~~~~~~~~~~~~~~~~~~~~~~~~~~~~~~~~~~~~~~~~~~~~~~~~~~~~~~~~~~~~~~~~~~~
20210428 21:10:47.851 - INFO - +---- START KW: FunctionsGlobal.Scroll Into View [ ${USER_PROFILE_FIRST_IMAGE} ]
20210428 21:10:47.851 - INFO - +----- START KW: SeleniumLibrary.Execute Javascript [ document.evaluate('${element}', document, null, XPathResult.FIRST_ORDERED_NODE_TYPE, null).singleNodeValue.scrollIntoView({ behavior: 'auto', block: 'center', inline: 'center' }); ]
20210428 21:10:47.852 - DEBUG - Test timeout 2 minutes active. 114.73 seconds left.
20210428 21:10:47.852 - INFO - Executing JavaScript:
document.evaluate('//*[@id="userPicturesList"]//div[@class="gallery"]/div[@class="gallery"][1]', document, null, XPathResult.FIRST_ORDERED_NODE_TYPE, null).singleNodeValue.scrollIntoView({ behavior: 'auto', block: 'center', inline: 'center' });
Without any arguments.
20210428 21:10:47.858 - INFO - +----- END KW: SeleniumLibrary.Execute Javascript (7)
20210428 21:10:47.858 - INFO - +---- END KW: FunctionsGlobal.Scroll Into View (7)
~~~~~~~~~~~~~~~~~~~~~~~~~~~~~~~~~~~~~~~~~~~~~~~~~~~~~~~~~~~~~~~~~~~~~~~~~~~~~~
20210428 21:10:47.859 - INFO - +---- START KW: SeleniumLibrary.Wait Until Element Is Visible [ ${USER_PROFILE_FIRST_IMAGE} ]
20210428 21:10:47.859 - DEBUG - Test timeout 2 minutes active. 114.722 seconds left.
20210428 21:10:47.887 - INFO - +---- END KW: SeleniumLibrary.Wait Until Element Is Visible (27)
~~~~~~~~~~~~~~~~~~~~~~~~~~~~~~~~~~~~~~~~~~~~~~~~~~~~~~~~~~~~~~~~~~~~~~~~~~~~~~
20210428 21:10:47.887 - INFO - +---- START KW: RobotEyes.Capture Element [ ${USER_PROFILE_FIRST_IMAGE} | name=img1 ]
20210428 21:10:47.887 - DEBUG - Test timeout 2 minutes active. 114.694 seconds left.
20210428 21:10:48.969 - INFO - +---- END KW: RobotEyes.Capture Element (1082)
~~~~~~~~~~~~~~~~~~~~~~~~~~~~~~~~~~~~~~~~~~~~~~~~~~~~~~~~~~~~~~~~~~~~~~~~~~~~~~
20210428 21:10:48.970 - INFO - +---- START KW: Images.Click Picture Action [ ${USER_PROFILE_FIRST_IMAGE} | ${PICTURE_PULLER_EDIT_BUTTON} ]
20210428 21:10:48.970 - INFO - +----- START KW: SeleniumLibrary.Wait Until Page Contains Element [ ${image}${PICTURE_PULLER} ]
20210428 21:10:48.971 - DEBUG - Test timeout 2 minutes active. 113.61 seconds left.
20210428 21:10:48.975 - INFO - +----- END KW: SeleniumLibrary.Wait Until Page Contains Element (5)
20210428 21:10:48.975 - INFO - +----- START KW: FunctionsGlobal.Scroll Into View [ ${image}${PICTURE_PULLER} ]
20210428 21:10:48.976 - INFO - +------ START KW: SeleniumLibrary.Execute Javascript [ document.evaluate('${element}', document, null, XPathResult.FIRST_ORDERED_NODE_TYPE, null).singleNodeValue.scrollIntoView({ behavior: 'auto', block: 'center', inline: 'center' }); ]
20210428 21:10:48.976 - DEBUG - Test timeout 2 minutes active. 113.605 seconds left.
20210428 21:10:48.976 - INFO - Executing JavaScript:
document.evaluate('//*[@id="userPicturesList"]//div[@class="gallery"]/div[@class="gallery"][1]//div[contains(@class, "pictures-actions-pull")]', document, null, XPathResult.FIRST_ORDERED_NODE_TYPE, null).singleNodeValue.scrollIntoView({ behavior: 'auto', block: 'center', inline: 'center' });
Without any arguments.
20210428 21:10:48.979 - INFO - +------ END KW: SeleniumLibrary.Execute Javascript (3)
20210428 21:10:48.979 - INFO - +----- END KW: FunctionsGlobal.Scroll Into View (4)
20210428 21:10:48.980 - INFO - +----- START KW: SeleniumLibrary.Mouse Over [ ${image}${PICTURE_PULLER} ]
20210428 21:10:48.980 - DEBUG - Test timeout 2 minutes active. 113.601 seconds left.
20210428 21:10:48.980 - INFO - Simulating Mouse Over on element '//*[@id="userPicturesList"]//div[@class="gallery"]/div[@class="gallery"][1]//div[contains(@class, "pictures-actions-pull")]'.
20210428 21:10:49.242 - INFO - +----- END KW: SeleniumLibrary.Mouse Over (262)
20210428 21:10:49.242 - INFO - +----- START KW: SeleniumLibrary.Mouse Over [ ${image}${button} ]
20210428 21:10:49.242 - DEBUG - Test timeout 2 minutes active. 113.339 seconds left.
20210428 21:10:49.243 - INFO - Simulating Mouse Over on element '//*[@id="userPicturesList"]//div[@class="gallery"]/div[@class="gallery"][1]//button[@data-type="picture-edit"]'.
20210428 21:10:49.500 - INFO - +----- END KW: SeleniumLibrary.Mouse Over (258)
20210428 21:10:49.500 - INFO - +----- START KW: SeleniumLibrary.Click Button [ ${image}${button} ]
20210428 21:10:49.500 - DEBUG - Test timeout 2 minutes active. 113.081 seconds left.
20210428 21:10:49.500 - INFO - Clicking button '//*[@id="userPicturesList"]//div[@class="gallery"]/div[@class="gallery"][1]//button[@data-type="picture-edit"]'.
20210428 21:10:49.755 - INFO - +----- END KW: SeleniumLibrary.Click Button (255)
20210428 21:10:49.756 - INFO - +---- END KW: Images.Click Picture Action (786)
~~~~~~~~~~~~~~~~~~~~~~~~~~~~~~~~~~~~~~~~~~~~~~~~~~~~~~~~~~~~~~~~~~~~~~~~~~~~~~
20210428 21:10:49.756 - INFO - +---- START KW: FunctionsGlobal.Wait Until Modal [ Manage picture ]
20210428 21:10:49.756 - INFO - +----- START KW: SeleniumLibrary.Wait Until Page Contains Element [ ${MODAL_DIALOG} ]
20210428 21:10:49.756 - DEBUG - Test timeout 2 minutes active. 112.825 seconds left.
20210428 21:10:49.760 - INFO - +----- END KW: SeleniumLibrary.Wait Until Page Contains Element (4)
20210428 21:10:49.760 - INFO - +----- START KW: SeleniumLibrary.Wait Until Page Contains Element [ ${MODAL_DIALOG_TITLE} ]
20210428 21:10:49.760 - DEBUG - Test timeout 2 minutes active. 112.821 seconds left.
20210428 21:10:49.763 - INFO - +----- END KW: SeleniumLibrary.Wait Until Page Contains Element (3)
20210428 21:10:49.763 - INFO - +----- START KW: SeleniumLibrary.Wait Until Element Is Visible [ ${MODAL_DIALOG} ]
20210428 21:10:49.763 - DEBUG - Test timeout 2 minutes active. 112.818 seconds left.
20210428 21:10:49.777 - INFO - +----- END KW: SeleniumLibrary.Wait Until Element Is Visible (14)
20210428 21:10:49.778 - INFO - +----- START KW: SeleniumLibrary.Wait Until Element Is Visible [ ${MODAL_DIALOG_TITLE} ]
20210428 21:10:49.778 - DEBUG - Test timeout 2 minutes active. 112.803 seconds left.
20210428 21:10:49.791 - INFO - +----- END KW: SeleniumLibrary.Wait Until Element Is Visible (14)
20210428 21:10:49.792 - INFO - +----- START KW: SeleniumLibrary.Element Should Contain [ ${MODAL_DIALOG_TITLE} | ${title} ]
20210428 21:10:49.792 - DEBUG - Test timeout 2 minutes active. 112.789 seconds left.
20210428 21:10:49.798 - INFO - Element '//div[@class="modal-dialog"]//*[@id="modalLabel"]' contains text 'Manage picture'.
20210428 21:10:49.798 - INFO - +----- END KW: SeleniumLibrary.Element Should Contain (6)
20210428 21:10:49.798 - INFO - +---- END KW: FunctionsGlobal.Wait Until Modal (42)
~~~~~~~~~~~~~~~~~~~~~~~~~~~~~~~~~~~~~~~~~~~~~~~~~~~~~~~~~~~~~~~~~~~~~~~~~~~~~~
20210428 21:10:49.799 - INFO - +---- START KW: FunctionsGlobal.Scroll Into View [ ${MODAL_DIALOG} ]
20210428 21:10:49.799 - INFO - +----- START KW: SeleniumLibrary.Execute Javascript [ document.evaluate('${element}', document, null, XPathResult.FIRST_ORDERED_NODE_TYPE, null).singleNodeValue.scrollIntoView({ behavior: 'auto', block: 'center', inline: 'center' }); ]
20210428 21:10:49.799 - DEBUG - Test timeout 2 minutes active. 112.782 seconds left.
20210428 21:10:49.800 - INFO - Executing JavaScript:
document.evaluate('//div[@class="modal-dialog"]', document, null, XPathResult.FIRST_ORDERED_NODE_TYPE, null).singleNodeValue.scrollIntoView({ behavior: 'auto', block: 'center', inline: 'center' });
Without any arguments.
20210428 21:10:49.802 - INFO - +----- END KW: SeleniumLibrary.Execute Javascript (3)
20210428 21:10:49.803 - INFO - +---- END KW: FunctionsGlobal.Scroll Into View (5)
~~~~~~~~~~~~~~~~~~~~~~~~~~~~~~~~~~~~~~~~~~~~~~~~~~~~~~~~~~~~~~~~~~~~~~~~~~~~~~
20210428 21:10:49.803 - INFO - +---- START KW: SeleniumLibrary.Wait Until Element Is Visible [ ${MODAL_DIALOG} ]
20210428 21:10:49.803 - DEBUG - Test timeout 2 minutes active. 112.778 seconds left.
20210428 21:10:49.816 - INFO - +---- END KW: SeleniumLibrary.Wait Until Element Is Visible (12)
~~~~~~~~~~~~~~~~~~~~~~~~~~~~~~~~~~~~~~~~~~~~~~~~~~~~~~~~~~~~~~~~~~~~~~~~~~~~~~
20210428 21:10:49.816 - INFO - +---- START KW: RobotEyes.Capture Element [ ${MODAL_DIALOG} | name=img2 ]
20210428 21:10:49.816 - DEBUG - Test timeout 2 minutes active. 112.765 seconds left.
20210428 21:10:50.981 - INFO - +---- END KW: RobotEyes.Capture Element (1165)
~~~~~~~~~~~~~~~~~~~~~~~~~~~~~~~~~~~~~~~~~~~~~~~~~~~~~~~~~~~~~~~~~~~~~~~~~~~~~~
20210428 21:10:50.982 - INFO - +---- START KW: SeleniumLibrary.Input Text [ ${USER_PROFILE_AVATAR_CAPTION_INPUT} | ${EMPTY} ]
20210428 21:10:50.982 - DEBUG - Test timeout 2 minutes active. 111.599 seconds left.
20210428 21:10:50.982 - INFO - Typing text '' into text field '//*[@id="caption"]'.
20210428 21:10:51.001 - INFO - +---- END KW: SeleniumLibrary.Input Text (20)
~~~~~~~~~~~~~~~~~~~~~~~~~~~~~~~~~~~~~~~~~~~~~~~~~~~~~~~~~~~~~~~~~~~~~~~~~~~~~~
20210428 21:10:51.002 - INFO - +---- START KW: SeleniumLibrary.Click Button [ ${MODAL_DIALOG_SUBMIT_BUTTON} ]
20210428 21:10:51.002 - DEBUG - Test timeout 2 minutes active. 111.579 seconds left.
20210428 21:10:51.002 - INFO - Clicking button '//div[@class="modal-dialog"]//div[contains(@class, "modal-footer")]/button[@type="submit"]'.
20210428 21:10:51.727 - INFO - +---- END KW: SeleniumLibrary.Click Button (726)
~~~~~~~~~~~~~~~~~~~~~~~~~~~~~~~~~~~~~~~~~~~~~~~~~~~~~~~~~~~~~~~~~~~~~~~~~~~~~~
20210428 21:10:51.727 - INFO - +---- START KW: FunctionsGlobal.Scroll Into View [ ${USER_PROFILE_FIRST_IMAGE} ]
20210428 21:10:51.728 - INFO - +----- START KW: SeleniumLibrary.Execute Javascript [ document.evaluate('${element}', document, null, XPathResult.FIRST_ORDERED_NODE_TYPE, null).singleNodeValue.scrollIntoView({ behavior: 'auto', block: 'center', inline: 'center' }); ]
20210428 21:10:51.729 - DEBUG - Test timeout 2 minutes active. 110.853 seconds left.
20210428 21:10:51.729 - INFO - Executing JavaScript:
document.evaluate('//*[@id="userPicturesList"]//div[@class="gallery"]/div[@class="gallery"][1]', document, null, XPathResult.FIRST_ORDERED_NODE_TYPE, null).singleNodeValue.scrollIntoView({ behavior: 'auto', block: 'center', inline: 'center' });
Without any arguments.
20210428 21:10:51.736 - INFO - +----- END KW: SeleniumLibrary.Execute Javascript (8)
20210428 21:10:51.737 - INFO - +---- END KW: FunctionsGlobal.Scroll Into View (9)
~~~~~~~~~~~~~~~~~~~~~~~~~~~~~~~~~~~~~~~~~~~~~~~~~~~~~~~~~~~~~~~~~~~~~~~~~~~~~~
20210428 21:10:51.737 - INFO - +---- START KW: SeleniumLibrary.Wait Until Element Is Visible [ ${USER_PROFILE_FIRST_IMAGE} ]
20210428 21:10:51.737 - DEBUG - Test timeout 2 minutes active. 110.844 seconds left.
20210428 21:10:51.776 - INFO - +---- END KW: SeleniumLibrary.Wait Until Element Is Visible (39)
~~~~~~~~~~~~~~~~~~~~~~~~~~~~~~~~~~~~~~~~~~~~~~~~~~~~~~~~~~~~~~~~~~~~~~~~~~~~~~
20210428 21:10:51.777 - INFO - +---- START KW: RobotEyes.Capture Element [ ${USER_PROFILE_FIRST_IMAGE} | name=img3 ]
20210428 21:10:51.777 - DEBUG - Test timeout 2 minutes active. 110.804 seconds left.
20210428 21:10:52.857 - INFO - +---- END KW: RobotEyes.Capture Element (1080)
~~~~~~~~~~~~~~~~~~~~~~~~~~~~~~~~~~~~~~~~~~~~~~~~~~~~~~~~~~~~~~~~~~~~~~~~~~~~~~
20210428 21:10:52.858 - INFO - +---- START KW: RobotEyes.Compare Images [ ]
20210428 21:10:53.019 - INFO - +----- START KW: BuiltIn.Fail [ Image dissimilarity exceeds tolerance ]
20210428 21:10:53.019 - DEBUG - Test timeout 2 minutes active. 109.562 seconds left.
20210428 21:10:53.020 - INFO - +----- END KW: BuiltIn.Fail (1)
20210428 21:10:52.858 - DEBUG - Test timeout 2 minutes active. 109.723 seconds left.
20210428 21:10:53.020 - FAIL - Image dissimilarity exceeds tolerance
20210428 21:10:53.020 - DEBUG - Traceback (most recent call last):
  None
20210428 21:10:53.020 - INFO - Comparison output: b'31810.9 (0.485404) @ 0,0'
Comparison output: b'0 (0) @ 0,0'
Comparison output: b'0 (0) @ 0,0'
20210428 21:10:53.020 - INFO - +---- END KW: RobotEyes.Compare Images (162)
------------------------------------------------------------------------------
20210428 21:10:53.021 - INFO - +--- END TEST: Define Picture Caption (10439)
------------------------------------------------------------------------------
20210428 21:10:53.023 - INFO - +-- END SUITE: Acceptance.060 UserAvatar.robot.040 UpdateCaption (11570)
==============================================================================
20210428 21:10:53.024 - INFO - +-- START TEARDOWN: FunctionsGlobal.Global TearDown [ ]
20210428 21:10:53.025 - INFO - +--- START KW: SeleniumLibrary.Close Browser [ ]
20210428 21:10:53.025 - DEBUG - Closing browser with session id 2dc0da50-5de0-4617-966d-21bf44abff5f.
20210428 21:10:53.535 - INFO - +--- END KW: SeleniumLibrary.Close Browser (510)
20210428 21:10:53.536 - INFO - +-- END TEARDOWN: FunctionsGlobal.Global TearDown (512)
==============================================================================
20210428 21:10:53.538 - INFO - +- END SUITE: Acceptance.060 UserAvatar.robot (10824558)
==============================================================================
20210428 21:10:53.540 - INFO - + END SUITE: Acceptance (10824576)
==============================================================================
