==============================================================================
20201213 11:35:13.010 - INFO - + START SUITE: Acceptance [ ]
==============================================================================
20201213 11:35:13.210 - INFO - +- START SUITE: Acceptance.110 Moves [ ]
==============================================================================
20201213 11:35:13.211 - INFO - +-- START SETUP: FunctionsGlobal.Global Setup [ ]
20201213 11:35:13.211 - INFO - +--- START KW: FunctionsGlobal.!Open GeoKrety Browser [ ${browser} ]
20201213 11:35:13.212 - INFO - +---- START KW: BuiltIn.Run Keyword If [ "${BS_ENABLED}" != "false" | !Open GeoKrety BrowserStack | ${browser} | ELSE | !Open GeoKrety Browser Local | ${browser} ]
20201213 11:35:13.213 - INFO - +----- START KW: FunctionsGlobal.!Open GeoKrety Browser Local [ ${browser} ]
20201213 11:35:13.213 - INFO - +------ START KW: BuiltIn.Run Keyword If [ "${browser}"=="Firefox" | !Open GeoKrety Browser Firefox ]
20201213 11:35:13.214 - INFO - +------- START KW: FunctionsGlobal.!Open GeoKrety Browser Firefox [ ]
20201213 11:35:13.214 - INFO - +-------- START KW: BuiltIn.Log [ Open Browser Firefox ]
20201213 11:35:13.215 - INFO - Open Browser Firefox
20201213 11:35:13.215 - INFO - +-------- END KW: BuiltIn.Log (1)
20201213 11:35:13.215 - INFO - +-------- START KW: BuiltIn.Evaluate [ sys.modules['selenium.webdriver'].firefox.webdriver.Options() | sys, selenium.webdriver ]
20201213 11:35:13.216 - INFO - ${firefox_options} = <selenium.webdriver.firefox.options.Options object at 0x7f0fb9a72850>
20201213 11:35:13.216 - INFO - +-------- END KW: BuiltIn.Evaluate (1)
20201213 11:35:13.216 - INFO - +-------- START KW: BuiltIn.Run Keyword If [ ${HEADLESS} | Call Method | ${firefox_options} | add_argument | -headless ]
20201213 11:35:13.217 - INFO - +--------- START KW: BuiltIn.Call Method [ ${firefox_options} | add_argument | -headless ]
20201213 11:35:13.217 - INFO - +--------- END KW: BuiltIn.Call Method (0)
20201213 11:35:13.217 - INFO - +-------- END KW: BuiltIn.Run Keyword If (1)
20201213 11:35:13.218 - INFO - +-------- START KW: BuiltIn.Evaluate [ sys.modules['selenium.webdriver'].DesiredCapabilities.FIREFOX | sys, selenium.webdriver ]
20201213 11:35:13.218 - INFO - ${dc} = {'browserName': 'firefox', 'marionette': True, 'acceptInsecureCerts': True}
20201213 11:35:13.218 - INFO - +-------- END KW: BuiltIn.Evaluate (1)
20201213 11:35:13.218 - INFO - +-------- START KW: Collections.Set To Dictionary [ ${dc} | strictFileInteractability=${FALSE} ]
20201213 11:35:13.219 - INFO - +-------- END KW: Collections.Set To Dictionary (1)
20201213 11:35:13.219 - INFO - +-------- START KW: Collections.Set To Dictionary [ ${dc} | timezone=UTC-05:00 ]
20201213 11:35:13.220 - INFO - +-------- END KW: Collections.Set To Dictionary (1)
20201213 11:35:13.220 - INFO - +-------- START KW: SeleniumLibrary.Create Webdriver [ Firefox | firefox_options=${firefox options} | desired_capabilities=${dc} ]
20201213 11:35:13.220 - INFO - Creating an instance of the Firefox WebDriver.
20201213 11:35:15.483 - DEBUG - Created Firefox WebDriver instance with session id dec0637c-5e3e-4a56-a793-1a41fc5bbebd.
20201213 11:35:15.483 - INFO - +-------- END KW: SeleniumLibrary.Create Webdriver (2263)
20201213 11:35:15.484 - INFO - +------- END KW: FunctionsGlobal.!Open GeoKrety Browser Firefox (2270)
20201213 11:35:15.484 - INFO - +------ END KW: BuiltIn.Run Keyword If (2271)
20201213 11:35:15.485 - INFO - +------ START KW: BuiltIn.Run Keyword If [ "${browser}"=="Chrome" | !Open GeoKrety Browser Chrome ]
20201213 11:35:15.485 - INFO - +------ END KW: BuiltIn.Run Keyword If (1)
20201213 11:35:15.486 - INFO - +----- END KW: FunctionsGlobal.!Open GeoKrety Browser Local (2273)
20201213 11:35:15.486 - INFO - +---- END KW: BuiltIn.Run Keyword If (2274)
20201213 11:35:15.486 - INFO - +---- START KW: SeleniumLibrary.Set Window Size [ 1280 | 1024 ]
20201213 11:35:15.536 - INFO - +---- END KW: SeleniumLibrary.Set Window Size (50)
20201213 11:35:15.537 - INFO - +--- END KW: FunctionsGlobal.!Open GeoKrety Browser (2326)
20201213 11:35:15.537 - INFO - +-- END SETUP: FunctionsGlobal.Global Setup (2326)
==============================================================================
20201213 11:35:15.671 - INFO - +-- START SUITE: Acceptance.110 Moves.205 MoveEdit [ ]
==============================================================================
20201213 11:35:15.673 - INFO - +--- START TEST: Change Location [ ]
------------------------------------------------------------------------------
20201213 11:35:15.674 - INFO - +---- START SETUP: Seed [ ]
20201213 11:35:15.674 - INFO - +----- START KW: FunctionsGlobal.Clear DB And Seed 2 users [ ]
20201213 11:35:15.675 - INFO - +------ START KW: FunctionsGlobal.Clear Database [ ]
20201213 11:35:15.676 - INFO - +------- START KW: FunctionsGlobal.Go To Url [ ${PAGE_DEV_RESET_DB_URL} ]
20201213 11:35:15.676 - INFO - +-------- START KW: FunctionsGlobal.Got To Url With Param [ ${url} | &{params} ]
20201213 11:35:15.677 - INFO - +--------- START KW: BuiltIn.Replace Variables [ ${url} ]
20201213 11:35:15.678 - DEBUG - Test timeout 2 minutes active. 119.995 seconds left.
20201213 11:35:15.678 - INFO - ${url_} = http://localhost:3001/devel/db/reset
20201213 11:35:15.678 - INFO - +--------- END KW: BuiltIn.Replace Variables (1)
20201213 11:35:15.678 - INFO - +--------- START KW: SeleniumLibrary.Go To [ ${url_} ]
20201213 11:35:15.679 - DEBUG - Test timeout 2 minutes active. 119.994 seconds left.
20201213 11:35:15.679 - INFO - Opening url 'http://localhost:3001/devel/db/reset'
20201213 14:35:16.042 - INFO - +--------- END KW: SeleniumLibrary.Go To (10800364)
20201213 14:35:16.042 - INFO - +-------- END KW: FunctionsGlobal.Got To Url With Param (10800366)
20201213 14:35:16.042 - INFO - +-------- START KW: FunctionsGlobal.Page WithoutWarningOrFailure [ ]
20201213 14:35:16.043 - INFO - +--------- START KW: SeleniumLibrary.Page Should Not Contain [ Warning: ]
20201213 14:35:16.043 - DEBUG - Test timeout 2 minutes active. 119.63 seconds left.
20201213 14:35:16.078 - DEBUG - Current frame has 0 subframes.
20201213 14:35:16.078 - INFO - Current page does not contain text 'Warning:'.
20201213 14:35:16.078 - INFO - +--------- END KW: SeleniumLibrary.Page Should Not Contain (35)
20201213 14:35:16.078 - INFO - +--------- START KW: SeleniumLibrary.Page Should Not Contain [ Failed ]
20201213 14:35:16.079 - DEBUG - Test timeout 2 minutes active. 119.594 seconds left.
20201213 14:35:16.090 - DEBUG - Current frame has 0 subframes.
20201213 14:35:16.090 - INFO - Current page does not contain text 'Failed'.
20201213 14:35:16.090 - INFO - +--------- END KW: SeleniumLibrary.Page Should Not Contain (12)
20201213 14:35:16.090 - INFO - +--------- START KW: SeleniumLibrary.Page Should Not Contain [ Internal Server Error ]
20201213 14:35:16.091 - DEBUG - Test timeout 2 minutes active. 119.581 seconds left.
20201213 14:35:16.101 - DEBUG - Current frame has 0 subframes.
20201213 14:35:16.102 - INFO - Current page does not contain text 'Internal Server Error'.
20201213 14:35:16.102 - INFO - +--------- END KW: SeleniumLibrary.Page Should Not Contain (12)
20201213 14:35:16.102 - INFO - +-------- END KW: FunctionsGlobal.Page WithoutWarningOrFailure (60)
20201213 14:35:16.102 - INFO - +------- END KW: FunctionsGlobal.Go To Url (10800426)
20201213 14:35:16.102 - INFO - +------- START KW: SeleniumLibrary.Page Should Contain [ OK ]
20201213 14:35:16.103 - DEBUG - Test timeout 2 minutes active. 119.57 seconds left.
20201213 14:35:16.111 - INFO - Current page contains text 'OK'.
20201213 14:35:16.112 - INFO - +------- END KW: SeleniumLibrary.Page Should Contain (10)
20201213 14:35:16.112 - INFO - +------ END KW: FunctionsGlobal.Clear Database (10800437)
20201213 14:35:16.112 - INFO - +------ START KW: FunctionsGlobal.Go To Url [ ${PAGE_SEED_USER}/${count} ]
20201213 14:35:16.113 - INFO - +------- START KW: FunctionsGlobal.Got To Url With Param [ ${url} | &{params} ]
20201213 14:35:16.113 - INFO - +-------- START KW: BuiltIn.Replace Variables [ ${url} ]
20201213 14:35:16.114 - DEBUG - Test timeout 2 minutes active. 119.559 seconds left.
20201213 14:35:16.114 - INFO - ${url_} = http://localhost:3001/devel/db/users/seed/2
20201213 14:35:16.114 - INFO - +-------- END KW: BuiltIn.Replace Variables (1)
20201213 14:35:16.114 - INFO - +-------- START KW: SeleniumLibrary.Go To [ ${url_} ]
20201213 14:35:16.114 - DEBUG - Test timeout 2 minutes active. 119.558 seconds left.
20201213 14:35:16.114 - INFO - Opening url 'http://localhost:3001/devel/db/users/seed/2'
20201213 14:35:16.898 - INFO - +-------- END KW: SeleniumLibrary.Go To (784)
20201213 14:35:16.898 - INFO - +------- END KW: FunctionsGlobal.Got To Url With Param (785)
20201213 14:35:16.898 - INFO - +------- START KW: FunctionsGlobal.Page WithoutWarningOrFailure [ ]
20201213 14:35:16.899 - INFO - +-------- START KW: SeleniumLibrary.Page Should Not Contain [ Warning: ]
20201213 14:35:16.899 - DEBUG - Test timeout 2 minutes active. 118.773 seconds left.
20201213 14:35:16.915 - DEBUG - Current frame has 0 subframes.
20201213 14:35:16.915 - INFO - Current page does not contain text 'Warning:'.
20201213 14:35:16.915 - INFO - +-------- END KW: SeleniumLibrary.Page Should Not Contain (16)
20201213 14:35:16.915 - INFO - +-------- START KW: SeleniumLibrary.Page Should Not Contain [ Failed ]
20201213 14:35:16.916 - DEBUG - Test timeout 2 minutes active. 118.757 seconds left.
20201213 14:35:16.925 - DEBUG - Current frame has 0 subframes.
20201213 14:35:16.925 - INFO - Current page does not contain text 'Failed'.
20201213 14:35:16.925 - INFO - +-------- END KW: SeleniumLibrary.Page Should Not Contain (10)
20201213 14:35:16.926 - INFO - +-------- START KW: SeleniumLibrary.Page Should Not Contain [ Internal Server Error ]
20201213 14:35:16.926 - DEBUG - Test timeout 2 minutes active. 118.746 seconds left.
20201213 14:35:16.933 - DEBUG - Current frame has 0 subframes.
20201213 14:35:16.933 - INFO - Current page does not contain text 'Internal Server Error'.
20201213 14:35:16.934 - INFO - +-------- END KW: SeleniumLibrary.Page Should Not Contain (8)
20201213 14:35:16.934 - INFO - +------- END KW: FunctionsGlobal.Page WithoutWarningOrFailure (36)
20201213 14:35:16.934 - INFO - +------ END KW: FunctionsGlobal.Go To Url (822)
20201213 14:35:16.934 - INFO - +------ START KW: FunctionsGlobal.Empty Dev Mailbox Fast [ ]
20201213 14:35:16.935 - INFO - +------- START KW: FunctionsGlobal.Go To Url [ ${PAGE_DEV_MAILBOX_CLEAR_URL} ]
20201213 14:35:16.935 - INFO - +-------- START KW: FunctionsGlobal.Got To Url With Param [ ${url} | &{params} ]
20201213 14:35:16.936 - INFO - +--------- START KW: BuiltIn.Replace Variables [ ${url} ]
20201213 14:35:16.936 - DEBUG - Test timeout 2 minutes active. 118.736 seconds left.
20201213 14:35:16.936 - INFO - ${url_} = http://localhost:3001/devel/mail/delete/all
20201213 14:35:16.936 - INFO - +--------- END KW: BuiltIn.Replace Variables (0)
20201213 14:35:16.936 - INFO - +--------- START KW: SeleniumLibrary.Go To [ ${url_} ]
20201213 14:35:16.937 - DEBUG - Test timeout 2 minutes active. 118.736 seconds left.
20201213 14:35:16.937 - INFO - Opening url 'http://localhost:3001/devel/mail/delete/all'
20201213 14:35:17.365 - INFO - +--------- END KW: SeleniumLibrary.Go To (429)
20201213 14:35:17.365 - INFO - +-------- END KW: FunctionsGlobal.Got To Url With Param (430)
20201213 14:35:17.365 - INFO - +-------- START KW: FunctionsGlobal.Page WithoutWarningOrFailure [ ]
20201213 14:35:17.366 - INFO - +--------- START KW: SeleniumLibrary.Page Should Not Contain [ Warning: ]
20201213 14:35:17.366 - DEBUG - Test timeout 2 minutes active. 118.306 seconds left.
20201213 14:35:17.390 - DEBUG - Current frame has 0 subframes.
20201213 14:35:17.390 - INFO - Current page does not contain text 'Warning:'.
20201213 14:35:17.390 - INFO - +--------- END KW: SeleniumLibrary.Page Should Not Contain (24)
20201213 14:35:17.390 - INFO - +--------- START KW: SeleniumLibrary.Page Should Not Contain [ Failed ]
20201213 14:35:17.391 - DEBUG - Test timeout 2 minutes active. 118.282 seconds left.
20201213 14:35:17.399 - DEBUG - Current frame has 0 subframes.
20201213 14:35:17.399 - INFO - Current page does not contain text 'Failed'.
20201213 14:35:17.399 - INFO - +--------- END KW: SeleniumLibrary.Page Should Not Contain (9)
20201213 14:35:17.399 - INFO - +--------- START KW: SeleniumLibrary.Page Should Not Contain [ Internal Server Error ]
20201213 14:35:17.400 - DEBUG - Test timeout 2 minutes active. 118.273 seconds left.
20201213 14:35:17.409 - DEBUG - Current frame has 0 subframes.
20201213 14:35:17.409 - INFO - Current page does not contain text 'Internal Server Error'.
20201213 14:35:17.409 - INFO - +--------- END KW: SeleniumLibrary.Page Should Not Contain (10)
20201213 14:35:17.409 - INFO - +-------- END KW: FunctionsGlobal.Page WithoutWarningOrFailure (44)
20201213 14:35:17.410 - INFO - +------- END KW: FunctionsGlobal.Go To Url (475)
20201213 14:35:17.410 - INFO - +------ END KW: FunctionsGlobal.Empty Dev Mailbox Fast (476)
20201213 14:35:17.410 - INFO - +----- END KW: FunctionsGlobal.Clear DB And Seed 2 users (10801736)
20201213 14:35:17.410 - INFO - +----- START KW: FunctionsGlobal.Seed 1 geokrety owned by 1 [ ]
20201213 14:35:17.411 - INFO - +------ START KW: FunctionsGlobal.Go To Url [ ${GK_URL}/devel/db/users/${userid}/geokrety/seed/${count} ]
20201213 14:35:17.411 - INFO - +------- START KW: FunctionsGlobal.Got To Url With Param [ ${url} | &{params} ]
20201213 14:35:17.412 - INFO - +-------- START KW: BuiltIn.Replace Variables [ ${url} ]
20201213 14:35:17.412 - DEBUG - Test timeout 2 minutes active. 118.261 seconds left.
20201213 14:35:17.412 - INFO - ${url_} = http://localhost:3001/devel/db/users/1/geokrety/seed/1
20201213 14:35:17.412 - INFO - +-------- END KW: BuiltIn.Replace Variables (0)
20201213 14:35:17.412 - INFO - +-------- START KW: SeleniumLibrary.Go To [ ${url_} ]
20201213 14:35:17.412 - DEBUG - Test timeout 2 minutes active. 118.26 seconds left.
20201213 14:35:17.412 - INFO - Opening url 'http://localhost:3001/devel/db/users/1/geokrety/seed/1'
20201213 14:35:17.611 - INFO - +-------- END KW: SeleniumLibrary.Go To (199)
20201213 14:35:17.612 - INFO - +------- END KW: FunctionsGlobal.Got To Url With Param (201)
20201213 14:35:17.612 - INFO - +------- START KW: FunctionsGlobal.Page WithoutWarningOrFailure [ ]
20201213 14:35:17.613 - INFO - +-------- START KW: SeleniumLibrary.Page Should Not Contain [ Warning: ]
20201213 14:35:17.613 - DEBUG - Test timeout 2 minutes active. 118.059 seconds left.
20201213 14:35:17.627 - DEBUG - Current frame has 0 subframes.
20201213 14:35:17.627 - INFO - Current page does not contain text 'Warning:'.
20201213 14:35:17.627 - INFO - +-------- END KW: SeleniumLibrary.Page Should Not Contain (14)
20201213 14:35:17.628 - INFO - +-------- START KW: SeleniumLibrary.Page Should Not Contain [ Failed ]
20201213 14:35:17.628 - DEBUG - Test timeout 2 minutes active. 118.044 seconds left.
20201213 14:35:17.637 - DEBUG - Current frame has 0 subframes.
20201213 14:35:17.637 - INFO - Current page does not contain text 'Failed'.
20201213 14:35:17.637 - INFO - +-------- END KW: SeleniumLibrary.Page Should Not Contain (9)
20201213 14:35:17.637 - INFO - +-------- START KW: SeleniumLibrary.Page Should Not Contain [ Internal Server Error ]
20201213 14:35:17.638 - DEBUG - Test timeout 2 minutes active. 118.035 seconds left.
20201213 14:35:17.645 - DEBUG - Current frame has 0 subframes.
20201213 14:35:17.645 - INFO - Current page does not contain text 'Internal Server Error'.
20201213 14:35:17.645 - INFO - +-------- END KW: SeleniumLibrary.Page Should Not Contain (8)
20201213 14:35:17.646 - INFO - +------- END KW: FunctionsGlobal.Page WithoutWarningOrFailure (33)
20201213 14:35:17.646 - INFO - +------ END KW: FunctionsGlobal.Go To Url (235)
20201213 14:35:17.646 - INFO - +----- END KW: FunctionsGlobal.Seed 1 geokrety owned by 1 (236)
20201213 14:35:17.646 - INFO - +----- START KW: FunctionsGlobal.Seed 1 geokrety owned by 2 [ ]
20201213 14:35:17.646 - INFO - +------ START KW: FunctionsGlobal.Go To Url [ ${GK_URL}/devel/db/users/${userid}/geokrety/seed/${count} ]
20201213 14:35:17.647 - INFO - +------- START KW: FunctionsGlobal.Got To Url With Param [ ${url} | &{params} ]
20201213 14:35:17.647 - INFO - +-------- START KW: BuiltIn.Replace Variables [ ${url} ]
20201213 14:35:17.647 - DEBUG - Test timeout 2 minutes active. 118.025 seconds left.
20201213 14:35:17.648 - INFO - ${url_} = http://localhost:3001/devel/db/users/2/geokrety/seed/1
20201213 14:35:17.648 - INFO - +-------- END KW: BuiltIn.Replace Variables (1)
20201213 14:35:17.648 - INFO - +-------- START KW: SeleniumLibrary.Go To [ ${url_} ]
20201213 14:35:17.648 - DEBUG - Test timeout 2 minutes active. 118.024 seconds left.
20201213 14:35:17.648 - INFO - Opening url 'http://localhost:3001/devel/db/users/2/geokrety/seed/1'
20201213 14:35:17.828 - INFO - +-------- END KW: SeleniumLibrary.Go To (180)
20201213 14:35:17.828 - INFO - +------- END KW: FunctionsGlobal.Got To Url With Param (181)
20201213 14:35:17.829 - INFO - +------- START KW: FunctionsGlobal.Page WithoutWarningOrFailure [ ]
20201213 14:35:17.830 - INFO - +-------- START KW: SeleniumLibrary.Page Should Not Contain [ Warning: ]
20201213 14:35:17.830 - DEBUG - Test timeout 2 minutes active. 117.842 seconds left.
20201213 14:35:17.845 - DEBUG - Current frame has 0 subframes.
20201213 14:35:17.845 - INFO - Current page does not contain text 'Warning:'.
20201213 14:35:17.845 - INFO - +-------- END KW: SeleniumLibrary.Page Should Not Contain (15)
20201213 14:35:17.845 - INFO - +-------- START KW: SeleniumLibrary.Page Should Not Contain [ Failed ]
20201213 14:35:17.845 - DEBUG - Test timeout 2 minutes active. 117.827 seconds left.
20201213 14:35:17.856 - DEBUG - Current frame has 0 subframes.
20201213 14:35:17.856 - INFO - Current page does not contain text 'Failed'.
20201213 14:35:17.856 - INFO - +-------- END KW: SeleniumLibrary.Page Should Not Contain (11)
20201213 14:35:17.856 - INFO - +-------- START KW: SeleniumLibrary.Page Should Not Contain [ Internal Server Error ]
20201213 14:35:17.856 - DEBUG - Test timeout 2 minutes active. 117.816 seconds left.
20201213 14:35:17.864 - DEBUG - Current frame has 0 subframes.
20201213 14:35:17.864 - INFO - Current page does not contain text 'Internal Server Error'.
20201213 14:35:17.864 - INFO - +-------- END KW: SeleniumLibrary.Page Should Not Contain (8)
20201213 14:35:17.864 - INFO - +------- END KW: FunctionsGlobal.Page WithoutWarningOrFailure (35)
20201213 14:35:17.864 - INFO - +------ END KW: FunctionsGlobal.Go To Url (218)
20201213 14:35:17.864 - INFO - +----- END KW: FunctionsGlobal.Seed 1 geokrety owned by 2 (218)
20201213 14:35:17.865 - INFO - +----- START KW: PageMoves.Post Move [ ${MOVE_1} ]
20201213 14:35:17.865 - INFO - +------ START KW: RequestsLibrary.Create Session [ gk | ${GK_URL} ]
20201213 14:35:17.865 - DEBUG - Test timeout 2 minutes active. 117.807 seconds left.
20201213 14:35:17.865 - INFO - Creating Session using : alias=gk, url=http://localhost:3001, headers={},                     cookies={}, auth=None, timeout=None, proxies=None, verify=False,                     debug=0
20201213 14:35:17.865 - DEBUG - Creating session: gk
20201213 14:35:17.866 - DEBUG - Argument types are:
<class 'bool'>
20201213 14:35:17.866 - INFO - +------ END KW: RequestsLibrary.Create Session (1)
20201213 14:35:17.866 - INFO - +------ START KW: RequestsLibrary.Post On Session [ gk | /devel/db/geokrety/move/seed | data=${move} | headers=${CONTENT_TYPE_FORM_URLENCODED} ]
20201213 14:35:17.866 - DEBUG - Test timeout 2 minutes active. 117.806 seconds left.
20201213 14:35:18.505 - INFO - POST Request : url=http://localhost:3001/devel/db/geokrety/move/seed 
 path_url=/devel/db/geokrety/move/seed 
 headers={'User-Agent': 'python-requests/2.22.0', 'Accept-Encoding': 'gzip, deflate', 'Accept': '*/*', 'Connection': 'keep-alive', 'Content-Type': 'application/x-www-form-urlencoded', 'Content-Length': '115'} 
 body=gkid=1&move_type=0&author=1&waypoint=GC0001&lat=43.60000&lon=7.00000&comment=Hello&app=robotframework&app_ver=3.2.1
20201213 14:35:18.505 - INFO - POST Response : url=http://localhost:3001/devel/db/geokrety/move/seed 
 status=200, reason=OK 
 headers={'Date': 'Sun, 13 Dec 2020 11:35:17 GMT', 'Server': 'Apache/2.4.38 (Debian)', 'X-Powered-By': 'Fat-Free Framework', 'Set-Cookie': 'PHPSESSID=88323cceb8370a33071761cba50749cc; path=/; HttpOnly; SameSite=Lax', 'X-Frame-Options': 'SAMEORIGIN', 'X-XSS-Protection': '1; mode=block', 'X-Content-Type-Options': 'nosniff', 'Pragma': 'no-cache', 'Cache-Control': 'no-cache, no-store, must-revalidate', 'Expires': 'Thu, 01 Jan 1970 00:00:00 +0000', 'Content-Length': '92', 'Keep-Alive': 'timeout=5, max=100', 'Connection': 'Keep-Alive', 'Content-Type': 'text'} 
 body=Create move id:1 geokret:1 waypoint:GC0001 movetype:0 wpt:GC0001 lat:43.60000 lon:7.00000
OK
20201213 14:35:18.506 - INFO - ${resp} = <Response [200]>
20201213 14:35:18.506 - INFO - +------ END KW: RequestsLibrary.Post On Session (640)
20201213 14:35:18.506 - INFO - +------ START KW: RequestsLibrary.Request Should Be Successful [ ${resp} ]
20201213 14:35:18.507 - DEBUG - Test timeout 2 minutes active. 117.166 seconds left.
20201213 14:35:18.507 - INFO - +------ END KW: RequestsLibrary.Request Should Be Successful (1)
20201213 14:35:18.507 - INFO - +----- END KW: PageMoves.Post Move (642)
20201213 14:35:18.507 - INFO - +---- END SETUP: Seed (10802833)
~~~~~~~~~~~~~~~~~~~~~~~~~~~~~~~~~~~~~~~~~~~~~~~~~~~~~~~~~~~~~~~~~~~~~~~~~~~~~~
20201213 14:35:18.507 - INFO - +---- START KW: FunctionsGlobal.Sign In ${USER_1.name} Fast [ ]
20201213 14:35:18.508 - INFO - +----- START KW: FunctionsGlobal.Go To Url [ ${PAGE_LOGIN_USER} | username=${username} ]
20201213 14:35:18.508 - INFO - +------ START KW: FunctionsGlobal.Got To Url With Param [ ${url} | &{params} ]
20201213 14:35:18.509 - INFO - +------- START KW: BuiltIn.Replace Variables [ ${url} ]
20201213 14:35:18.509 - DEBUG - Test timeout 2 minutes active. 117.163 seconds left.
20201213 14:35:18.509 - INFO - ${url_} = http://localhost:3001/devel/users/username1/login
20201213 14:35:18.509 - INFO - +------- END KW: BuiltIn.Replace Variables (0)
20201213 14:35:18.510 - INFO - +------- START KW: SeleniumLibrary.Go To [ ${url_} ]
20201213 14:35:18.510 - DEBUG - Test timeout 2 minutes active. 117.163 seconds left.
20201213 14:35:18.510 - INFO - Opening url 'http://localhost:3001/devel/users/username1/login'
20201213 14:35:19.334 - INFO - +------- END KW: SeleniumLibrary.Go To (824)
20201213 14:35:19.335 - INFO - +------ END KW: FunctionsGlobal.Got To Url With Param (826)
20201213 14:35:19.335 - INFO - +------ START KW: FunctionsGlobal.Page WithoutWarningOrFailure [ ]
20201213 14:35:19.336 - INFO - +------- START KW: SeleniumLibrary.Page Should Not Contain [ Warning: ]
20201213 14:35:19.337 - DEBUG - Test timeout 2 minutes active. 116.336 seconds left.
20201213 14:35:19.379 - DEBUG - Current frame has 0 subframes.
20201213 14:35:19.379 - INFO - Current page does not contain text 'Warning:'.
20201213 14:35:19.380 - INFO - +------- END KW: SeleniumLibrary.Page Should Not Contain (44)
20201213 14:35:19.380 - INFO - +------- START KW: SeleniumLibrary.Page Should Not Contain [ Failed ]
20201213 14:35:19.380 - DEBUG - Test timeout 2 minutes active. 116.292 seconds left.
20201213 14:35:19.392 - DEBUG - Current frame has 0 subframes.
20201213 14:35:19.392 - INFO - Current page does not contain text 'Failed'.
20201213 14:35:19.393 - INFO - +------- END KW: SeleniumLibrary.Page Should Not Contain (12)
20201213 14:35:19.393 - INFO - +------- START KW: SeleniumLibrary.Page Should Not Contain [ Internal Server Error ]
20201213 14:35:19.393 - DEBUG - Test timeout 2 minutes active. 116.279 seconds left.
20201213 14:35:19.402 - DEBUG - Current frame has 0 subframes.
20201213 14:35:19.402 - INFO - Current page does not contain text 'Internal Server Error'.
20201213 14:35:19.402 - INFO - +------- END KW: SeleniumLibrary.Page Should Not Contain (9)
20201213 14:35:19.403 - INFO - +------ END KW: FunctionsGlobal.Page WithoutWarningOrFailure (67)
20201213 14:35:19.403 - INFO - +----- END KW: FunctionsGlobal.Go To Url (895)
20201213 14:35:19.403 - INFO - +----- START KW: SeleniumLibrary.Page Should Not Contain [ Error signing in user ]
20201213 14:35:19.403 - DEBUG - Test timeout 2 minutes active. 116.269 seconds left.
20201213 14:35:19.436 - DEBUG - Current frame has 0 subframes.
20201213 14:35:19.436 - INFO - Current page does not contain text 'Error signing in user'.
20201213 14:35:19.436 - INFO - +----- END KW: SeleniumLibrary.Page Should Not Contain (33)
20201213 14:35:19.436 - INFO - +---- END KW: FunctionsGlobal.Sign In ${USER_1.name} Fast (929)
~~~~~~~~~~~~~~~~~~~~~~~~~~~~~~~~~~~~~~~~~~~~~~~~~~~~~~~~~~~~~~~~~~~~~~~~~~~~~~
20201213 14:35:19.437 - INFO - +---- START KW: FunctionsGlobal.Go To Url [ ${PAGE_MOVES_EDIT_URL} | moveid=1 ]
20201213 14:35:19.438 - INFO - +----- START KW: FunctionsGlobal.Got To Url With Param [ ${url} | &{params} ]
20201213 14:35:19.438 - INFO - +------ START KW: BuiltIn.Replace Variables [ ${url} ]
20201213 14:35:19.439 - DEBUG - Test timeout 2 minutes active. 116.234 seconds left.
20201213 14:35:19.439 - INFO - ${url_} = http://localhost:3001/en/moves/1/edit
20201213 14:35:19.439 - INFO - +------ END KW: BuiltIn.Replace Variables (1)
20201213 14:35:19.439 - INFO - +------ START KW: SeleniumLibrary.Go To [ ${url_} ]
20201213 14:35:19.439 - DEBUG - Test timeout 2 minutes active. 116.233 seconds left.
20201213 14:35:19.439 - INFO - Opening url 'http://localhost:3001/en/moves/1/edit'
20201213 14:35:19.845 - INFO - +------ END KW: SeleniumLibrary.Go To (406)
20201213 14:35:19.845 - INFO - +----- END KW: FunctionsGlobal.Got To Url With Param (407)
20201213 14:35:19.845 - INFO - +----- START KW: FunctionsGlobal.Page WithoutWarningOrFailure [ ]
20201213 14:35:19.846 - INFO - +------ START KW: SeleniumLibrary.Page Should Not Contain [ Warning: ]
20201213 14:35:19.846 - DEBUG - Test timeout 2 minutes active. 115.826 seconds left.
20201213 14:35:19.963 - DEBUG - Current frame has 0 subframes.
20201213 14:35:19.963 - INFO - Current page does not contain text 'Warning:'.
20201213 14:35:19.963 - INFO - +------ END KW: SeleniumLibrary.Page Should Not Contain (117)
20201213 14:35:19.964 - INFO - +------ START KW: SeleniumLibrary.Page Should Not Contain [ Failed ]
20201213 14:35:19.964 - DEBUG - Test timeout 2 minutes active. 115.708 seconds left.
20201213 14:35:19.992 - DEBUG - Current frame has 0 subframes.
20201213 14:35:19.992 - INFO - Current page does not contain text 'Failed'.
20201213 14:35:19.992 - INFO - +------ END KW: SeleniumLibrary.Page Should Not Contain (28)
20201213 14:35:19.992 - INFO - +------ START KW: SeleniumLibrary.Page Should Not Contain [ Internal Server Error ]
20201213 14:35:19.993 - DEBUG - Test timeout 2 minutes active. 115.68 seconds left.
20201213 14:35:20.008 - DEBUG - Current frame has 0 subframes.
20201213 14:35:20.008 - INFO - Current page does not contain text 'Internal Server Error'.
20201213 14:35:20.008 - INFO - +------ END KW: SeleniumLibrary.Page Should Not Contain (16)
20201213 14:35:20.008 - INFO - +----- END KW: FunctionsGlobal.Page WithoutWarningOrFailure (163)
20201213 14:35:20.008 - INFO - +---- END KW: FunctionsGlobal.Go To Url (571)
~~~~~~~~~~~~~~~~~~~~~~~~~~~~~~~~~~~~~~~~~~~~~~~~~~~~~~~~~~~~~~~~~~~~~~~~~~~~~~
20201213 14:35:20.009 - INFO - +---- START KW: FunctionsGlobal.Open Panel [ ${MOVE_NEW_LOCATION_PANEL} ]
20201213 14:35:20.009 - INFO - +----- START KW: BuiltIn.Run Keyword And Ignore Error [ Panel Is Collapsed | ${element} ]
20201213 14:35:20.010 - INFO - +------ START KW: FunctionsGlobal.Panel Is Collapsed [ ${element} ]
20201213 14:35:20.010 - INFO - +------- START KW: SeleniumLibrary.Page Should Contain Element [ ${element}/div[contains(@class, "panel-heading") and contains(@class, "collapsed")] ]
20201213 14:35:20.010 - DEBUG - Test timeout 2 minutes active. 115.662 seconds left.
20201213 14:35:20.014 - INFO - Current page contains element '//*[@id="panelLocation"]/div[contains(@class, "panel-heading") and contains(@class, "collapsed")]'.
20201213 14:35:20.014 - INFO - +------- END KW: SeleniumLibrary.Page Should Contain Element (4)
20201213 14:35:20.015 - INFO - +------ END KW: FunctionsGlobal.Panel Is Collapsed (5)
20201213 14:35:20.015 - INFO - ${status} = PASS
20201213 14:35:20.015 - INFO - ${value} = None
20201213 14:35:20.015 - INFO - +----- END KW: BuiltIn.Run Keyword And Ignore Error (6)
20201213 14:35:20.015 - INFO - +----- START KW: BuiltIn.Run Keyword If [ '${status}' == 'PASS' | Click Element | ${element}/div[contains(@class, "panel-heading")] ]
20201213 14:35:20.015 - INFO - +------ START KW: SeleniumLibrary.Click Element [ ${element}/div[contains(@class, "panel-heading")] ]
20201213 14:35:20.016 - DEBUG - Test timeout 2 minutes active. 115.657 seconds left.
20201213 14:35:20.016 - INFO - Clicking element '//*[@id="panelLocation"]/div[contains(@class, "panel-heading")]'.
20201213 14:35:20.259 - INFO - +------ END KW: SeleniumLibrary.Click Element (243)
20201213 14:35:20.259 - INFO - +----- END KW: BuiltIn.Run Keyword If (244)
20201213 14:35:20.259 - INFO - +----- START KW: SeleniumLibrary.Page Should Contain Element [ ${element}/div[contains(@class, "panel-heading") and not(contains(@class, "collapsed"))] ]
20201213 14:35:20.259 - DEBUG - Test timeout 2 minutes active. 115.413 seconds left.
20201213 14:35:20.263 - INFO - Current page contains element '//*[@id="panelLocation"]/div[contains(@class, "panel-heading") and not(contains(@class, "collapsed"))]'.
20201213 14:35:20.263 - INFO - +----- END KW: SeleniumLibrary.Page Should Contain Element (4)
20201213 14:35:20.263 - INFO - +---- END KW: FunctionsGlobal.Open Panel (254)
~~~~~~~~~~~~~~~~~~~~~~~~~~~~~~~~~~~~~~~~~~~~~~~~~~~~~~~~~~~~~~~~~~~~~~~~~~~~~~
20201213 14:35:20.264 - INFO - +---- START KW: SeleniumLibrary.Input Text [ ${MOVE_NEW_LOCATION_WAYPOINT_INPUT} | ${WPT_GC_2.id} ]
20201213 14:35:20.264 - DEBUG - Test timeout 2 minutes active. 115.408 seconds left.
20201213 14:35:20.264 - INFO - Typing text 'GC0002' into text field '//*[@id="wpt"]'.
20201213 14:35:20.325 - INFO - +---- END KW: SeleniumLibrary.Input Text (61)
~~~~~~~~~~~~~~~~~~~~~~~~~~~~~~~~~~~~~~~~~~~~~~~~~~~~~~~~~~~~~~~~~~~~~~~~~~~~~~
20201213 14:35:20.325 - INFO - +---- START KW: FunctionsGlobal.Open Panel [ ${MOVE_ADDITIONAL_DATA_PANEL} ]
20201213 14:35:20.326 - INFO - +----- START KW: BuiltIn.Run Keyword And Ignore Error [ Panel Is Collapsed | ${element} ]
20201213 14:35:20.327 - INFO - +------ START KW: FunctionsGlobal.Panel Is Collapsed [ ${element} ]
20201213 14:35:20.327 - INFO - +------- START KW: SeleniumLibrary.Page Should Contain Element [ ${element}/div[contains(@class, "panel-heading") and contains(@class, "collapsed")] ]
20201213 14:35:20.328 - DEBUG - Test timeout 2 minutes active. 115.344 seconds left.
20201213 14:35:20.342 - INFO - Current page contains element '//*[@id="panelMoveAdditionalData"]/div[contains(@class, "panel-heading") and contains(@class, "collapsed")]'.
20201213 14:35:20.343 - INFO - +------- END KW: SeleniumLibrary.Page Should Contain Element (16)
20201213 14:35:20.343 - INFO - +------ END KW: FunctionsGlobal.Panel Is Collapsed (16)
20201213 14:35:20.343 - INFO - ${status} = PASS
20201213 14:35:20.343 - INFO - ${value} = None
20201213 14:35:20.343 - INFO - +----- END KW: BuiltIn.Run Keyword And Ignore Error (17)
20201213 14:35:20.344 - INFO - +----- START KW: BuiltIn.Run Keyword If [ '${status}' == 'PASS' | Click Element | ${element}/div[contains(@class, "panel-heading")] ]
20201213 14:35:20.344 - INFO - +------ START KW: SeleniumLibrary.Click Element [ ${element}/div[contains(@class, "panel-heading")] ]
20201213 14:35:20.344 - DEBUG - Test timeout 2 minutes active. 115.328 seconds left.
20201213 14:35:20.345 - INFO - Clicking element '//*[@id="panelMoveAdditionalData"]/div[contains(@class, "panel-heading")]'.
20201213 14:35:20.576 - INFO - +------ END KW: SeleniumLibrary.Click Element (232)
20201213 14:35:20.576 - INFO - +----- END KW: BuiltIn.Run Keyword If (232)
20201213 14:35:20.577 - INFO - +----- START KW: SeleniumLibrary.Page Should Contain Element [ ${element}/div[contains(@class, "panel-heading") and not(contains(@class, "collapsed"))] ]
20201213 14:35:20.577 - DEBUG - Test timeout 2 minutes active. 115.095 seconds left.
20201213 14:35:20.608 - INFO - Current page contains element '//*[@id="panelMoveAdditionalData"]/div[contains(@class, "panel-heading") and not(contains(@class, "collapsed"))]'.
20201213 14:35:20.608 - INFO - +----- END KW: SeleniumLibrary.Page Should Contain Element (31)
20201213 14:35:20.609 - INFO - +---- END KW: FunctionsGlobal.Open Panel (284)
~~~~~~~~~~~~~~~~~~~~~~~~~~~~~~~~~~~~~~~~~~~~~~~~~~~~~~~~~~~~~~~~~~~~~~~~~~~~~~
20201213 14:35:20.609 - INFO - +---- START KW: SeleniumLibrary.Click Button [ ${MOVE_ADDITIONAL_DATA_SUBMIT_BUTTON} ]
20201213 14:35:20.609 - DEBUG - Test timeout 2 minutes active. 115.063 seconds left.
20201213 14:35:20.609 - INFO - Clicking button '//*[@id="submitButton"]'.
20201213 14:35:21.254 - INFO - +---- END KW: SeleniumLibrary.Click Button (644)
~~~~~~~~~~~~~~~~~~~~~~~~~~~~~~~~~~~~~~~~~~~~~~~~~~~~~~~~~~~~~~~~~~~~~~~~~~~~~~
20201213 14:35:21.254 - INFO - +---- START KW: SeleniumLibrary.Wait Until Location Is [ ${PAGE_GEOKRETY_1_DETAILS_URL}/page/1\#log1 ]
20201213 14:35:21.254 - DEBUG - Test timeout 2 minutes active. 114.418 seconds left.
20201213 14:35:22.115 - INFO - +---- END KW: SeleniumLibrary.Wait Until Location Is (861)
~~~~~~~~~~~~~~~~~~~~~~~~~~~~~~~~~~~~~~~~~~~~~~~~~~~~~~~~~~~~~~~~~~~~~~~~~~~~~~
20201213 14:35:22.116 - INFO - +---- START KW: SeleniumLibrary.Page Should Contain Element [ ${GEOKRET_DETAILS_MOVES}\[${1}]//div[contains(@class, "move-cache")]//*[contains(text(), "${WPT_GC_2.id}")] ]
20201213 14:35:22.116 - DEBUG - Test timeout 2 minutes active. 113.556 seconds left.
20201213 14:35:22.135 - INFO - Current page contains element '//div[@data-gk-type="move"][1]//div[contains(@class, "move-cache")]//*[contains(text(), "GC0002")]'.
20201213 14:35:22.135 - INFO - +---- END KW: SeleniumLibrary.Page Should Contain Element (19)
------------------------------------------------------------------------------
20201213 14:35:22.136 - INFO - +--- END TEST: Change Location (10806463)
------------------------------------------------------------------------------
20201213 14:35:22.139 - INFO - +-- END SUITE: Acceptance.110 Moves.205 MoveEdit (10806600)
==============================================================================
20201213 14:35:22.140 - INFO - +-- START TEARDOWN: FunctionsGlobal.Global TearDown [ ]
20201213 14:35:22.144 - INFO - +--- START KW: SeleniumLibrary.Close Browser [ ]
20201213 14:35:22.146 - DEBUG - Closing browser with session id dec0637c-5e3e-4a56-a793-1a41fc5bbebd.
20201213 14:35:22.801 - INFO - +--- END KW: SeleniumLibrary.Close Browser (657)
20201213 14:35:22.801 - INFO - +-- END TEARDOWN: FunctionsGlobal.Global TearDown (661)
==============================================================================
20201213 14:35:22.803 - INFO - +- END SUITE: Acceptance.110 Moves (10809791)
==============================================================================
20201213 14:35:22.804 - INFO - + END SUITE: Acceptance (10809811)
==============================================================================
