1573762661848	mozrunner::runner	INFO	Running command: "/home/travis/firefox-latest/firefox/firefox" "-marionette" "-foreground" "-no-remote" "-profile" "/tmp/rust_mozprofile.NqYrMfvMJ3Sf"
1573762662283	addons.webextension.screenshots@mozilla.org	WARN	Loading extension 'screenshots@mozilla.org': Reading manifest: Invalid extension permission: mozillaAddons
1573762662284	addons.webextension.screenshots@mozilla.org	WARN	Loading extension 'screenshots@mozilla.org': Reading manifest: Invalid extension permission: telemetry
1573762662284	addons.webextension.screenshots@mozilla.org	WARN	Loading extension 'screenshots@mozilla.org': Reading manifest: Invalid extension permission: resource://pdf.js/
1573762662284	addons.webextension.screenshots@mozilla.org	WARN	Loading extension 'screenshots@mozilla.org': Reading manifest: Invalid extension permission: about:reader*

(firefox:5074): GLib-GObject-CRITICAL **: g_object_ref: assertion 'object->ref_count > 0' failed

(firefox:5074): GLib-GObject-CRITICAL **: g_object_unref: assertion 'object->ref_count > 0' failed

(firefox:5074): GLib-GObject-CRITICAL **: g_object_ref: assertion 'object->ref_count > 0' failed

(firefox:5074): GLib-GObject-CRITICAL **: g_object_unref: assertion 'object->ref_count > 0' failed

(firefox:5074): GLib-GObject-CRITICAL **: g_object_ref: assertion 'object->ref_count > 0' failed

(firefox:5074): GLib-GObject-CRITICAL **: g_object_unref: assertion 'object->ref_count > 0' failed

(firefox:5074): GLib-GObject-WARNING **: g_object_get_valist: object class 'GtkSettings' has no property named 'gtk-decoration-layout'

(firefox:5074): GLib-GObject-CRITICAL **: g_object_ref: assertion 'object->ref_count > 0' failed

(firefox:5074): GLib-GObject-CRITICAL **: g_object_unref: assertion 'object->ref_count > 0' failed

(firefox:5074): GLib-GObject-CRITICAL **: g_object_ref: assertion 'object->ref_count > 0' failed

(firefox:5074): GLib-GObject-CRITICAL **: g_object_unref: assertion 'object->ref_count > 0' failed

(firefox:5074): GLib-GObject-CRITICAL **: g_object_ref: assertion 'object->ref_count > 0' failed

(firefox:5074): GLib-GObject-CRITICAL **: g_object_unref: assertion 'object->ref_count > 0' failed

(firefox:5074): GLib-GObject-CRITICAL **: g_object_ref: assertion 'object->ref_count > 0' failed

(firefox:5074): GLib-GObject-CRITICAL **: g_object_unref: assertion 'object->ref_count > 0' failed

(firefox:5074): GLib-GObject-CRITICAL **: g_object_ref: assertion 'object->ref_count > 0' failed

(firefox:5074): GLib-GObject-CRITICAL **: g_object_unref: assertion 'object->ref_count > 0' failed

(firefox:5074): GLib-GObject-CRITICAL **: g_object_ref: assertion 'object->ref_count > 0' failed

(firefox:5074): GLib-GObject-CRITICAL **: g_object_unref: assertion 'object->ref_count > 0' failed

(firefox:5074): GLib-GObject-CRITICAL **: g_object_ref: assertion 'object->ref_count > 0' failed

(firefox:5074): GLib-GObject-CRITICAL **: g_object_unref: assertion 'object->ref_count > 0' failed

(/home/travis/firefox-latest/firefox/firefox-bin:5118): GLib-GObject-CRITICAL **: g_object_ref: assertion 'object->ref_count > 0' failed

(/home/travis/firefox-latest/firefox/firefox-bin:5118): GLib-GObject-CRITICAL **: g_object_unref: assertion 'object->ref_count > 0' failed

(/home/travis/firefox-latest/firefox/firefox-bin:5118): GLib-GObject-CRITICAL **: g_object_ref: assertion 'object->ref_count > 0' failed

(/home/travis/firefox-latest/firefox/firefox-bin:5118): GLib-GObject-CRITICAL **: g_object_unref: assertion 'object->ref_count > 0' failed

(/home/travis/firefox-latest/firefox/firefox-bin:5118): GLib-GObject-CRITICAL **: g_object_ref: assertion 'object->ref_count > 0' failed

(/home/travis/firefox-latest/firefox/firefox-bin:5118): GLib-GObject-CRITICAL **: g_object_unref: assertion 'object->ref_count > 0' failed

(/home/travis/firefox-latest/firefox/firefox-bin:5118): GLib-GObject-WARNING **: g_object_get_valist: object class 'GtkSettings' has no property named 'gtk-decoration-layout'

(/home/travis/firefox-latest/firefox/firefox-bin:5118): GLib-GObject-CRITICAL **: g_object_ref: assertion 'object->ref_count > 0' failed

(/home/travis/firefox-latest/firefox/firefox-bin:5118): GLib-GObject-CRITICAL **: g_object_unref: assertion 'object->ref_count > 0' failed

(/home/travis/firefox-latest/firefox/firefox-bin:5118): GLib-GObject-CRITICAL **: g_object_ref: assertion 'object->ref_count > 0' failed

(/home/travis/firefox-latest/firefox/firefox-bin:5118): GLib-GObject-CRITICAL **: g_object_unref: assertion 'object->ref_count > 0' failed

(/home/travis/firefox-latest/firefox/firefox-bin:5118): GLib-GObject-CRITICAL **: g_object_ref: assertion 'object->ref_count > 0' failed

(/home/travis/firefox-latest/firefox/firefox-bin:5118): GLib-GObject-CRITICAL **: g_object_unref: assertion 'object->ref_count > 0' failed

(/home/travis/firefox-latest/firefox/firefox-bin:5118): GLib-GObject-CRITICAL **: g_object_ref: assertion 'object->ref_count > 0' failed

(/home/travis/firefox-latest/firefox/firefox-bin:5118): GLib-GObject-CRITICAL **: g_object_unref: assertion 'object->ref_count > 0' failed

(/home/travis/firefox-latest/firefox/firefox-bin:5118): GLib-GObject-CRITICAL **: g_object_ref: assertion 'object->ref_count > 0' failed

(/home/travis/firefox-latest/firefox/firefox-bin:5118): GLib-GObject-CRITICAL **: g_object_unref: assertion 'object->ref_count > 0' failed

(/home/travis/firefox-latest/firefox/firefox-bin:5118): GLib-GObject-CRITICAL **: g_object_ref: assertion 'object->ref_count > 0' failed

(/home/travis/firefox-latest/firefox/firefox-bin:5118): GLib-GObject-CRITICAL **: g_object_unref: assertion 'object->ref_count > 0' failed

(/home/travis/firefox-latest/firefox/firefox-bin:5118): GLib-GObject-CRITICAL **: g_object_ref: assertion 'object->ref_count > 0' failed

(/home/travis/firefox-latest/firefox/firefox-bin:5118): GLib-GObject-CRITICAL **: g_object_unref: assertion 'object->ref_count > 0' failed

(/home/travis/firefox-latest/firefox/firefox-bin:5140): GLib-GObject-CRITICAL **: g_object_ref: assertion 'object->ref_count > 0' failed

(/home/travis/firefox-latest/firefox/firefox-bin:5140): GLib-GObject-CRITICAL **: g_object_unref: assertion 'object->ref_count > 0' failed

(/home/travis/firefox-latest/firefox/firefox-bin:5140): GLib-GObject-CRITICAL **: g_object_ref: assertion 'object->ref_count > 0' failed

(/home/travis/firefox-latest/firefox/firefox-bin:5140): GLib-GObject-CRITICAL **: g_object_unref: assertion 'object->ref_count > 0' failed

(/home/travis/firefox-latest/firefox/firefox-bin:5140): GLib-GObject-CRITICAL **: g_object_ref: assertion 'object->ref_count > 0' failed

(/home/travis/firefox-latest/firefox/firefox-bin:5140): GLib-GObject-CRITICAL **: g_object_unref: assertion 'object->ref_count > 0' failed

(/home/travis/firefox-latest/firefox/firefox-bin:5140): GLib-GObject-WARNING **: g_object_get_valist: object class 'GtkSettings' has no property named 'gtk-decoration-layout'

(/home/travis/firefox-latest/firefox/firefox-bin:5140): GLib-GObject-CRITICAL **: g_object_ref: assertion 'object->ref_count > 0' failed

(/home/travis/firefox-latest/firefox/firefox-bin:5140): GLib-GObject-CRITICAL **: g_object_unref: assertion 'object->ref_count > 0' failed

(/home/travis/firefox-latest/firefox/firefox-bin:5140): GLib-GObject-CRITICAL **: g_object_ref: assertion 'object->ref_count > 0' failed

(/home/travis/firefox-latest/firefox/firefox-bin:5140): GLib-GObject-CRITICAL **: g_object_unref: assertion 'object->ref_count > 0' failed

(/home/travis/firefox-latest/firefox/firefox-bin:5140): GLib-GObject-CRITICAL **: g_object_ref: assertion 'object->ref_count > 0' failed

(/home/travis/firefox-latest/firefox/firefox-bin:5140): GLib-GObject-CRITICAL **: g_object_unref: assertion 'object->ref_count > 0' failed

(/home/travis/firefox-latest/firefox/firefox-bin:5140): GLib-GObject-CRITICAL **: g_object_ref: assertion 'object->ref_count > 0' failed

(/home/travis/firefox-latest/firefox/firefox-bin:5140): GLib-GObject-CRITICAL **: g_object_unref: assertion 'object->ref_count > 0' failed

(/home/travis/firefox-latest/firefox/firefox-bin:5140): GLib-GObject-CRITICAL **: g_object_ref: assertion 'object->ref_count > 0' failed

(/home/travis/firefox-latest/firefox/firefox-bin:5140): GLib-GObject-CRITICAL **: g_object_unref: assertion 'object->ref_count > 0' failed

(/home/travis/firefox-latest/firefox/firefox-bin:5140): GLib-GObject-CRITICAL **: g_object_ref: assertion 'object->ref_count > 0' failed

(/home/travis/firefox-latest/firefox/firefox-bin:5140): GLib-GObject-CRITICAL **: g_object_unref: assertion 'object->ref_count > 0' failed

(/home/travis/firefox-latest/firefox/firefox-bin:5140): GLib-GObject-CRITICAL **: g_object_ref: assertion 'object->ref_count > 0' failed

(/home/travis/firefox-latest/firefox/firefox-bin:5140): GLib-GObject-CRITICAL **: g_object_unref: assertion 'object->ref_count > 0' failed
1573762664651	Marionette	INFO	Listening on port 39964
1573762664699	Marionette	WARN	TLS certificate errors will be ignored for this session
1573762672535	Marionette	WARN	TimedPromise timed out after 5000 ms: stacktrace:
bail@chrome://marionette/content/sync.js:237:64
1573762673748	Marionette	INFO	Stopped listening on port 39964

(firefox:5074): GLib-GObject-CRITICAL **: g_object_ref: assertion 'object->ref_count > 0' failed

(firefox:5074): GLib-GObject-CRITICAL **: g_object_unref: assertion 'object->ref_count > 0' failed
